05/13/2020 08:41:53:: first bit gains: [0.9821301814337599, 0.9821301814337599, 0.9821301814337599, 0, 0, 0, 0.014423009534771686, 0.9827232633014499, 0.9816856825905067, 0.014472403908905905, 0, 0.9816856825905066, 0.9816856825905067, 0.9822885970947288, 0.9822885970947288, 0.9822885970947288, 0.9816856825905067, 0.9822885970947288, 0, 0.014472403908906268, 0, 0, 0, 0, 0.6395642008152442, 0.46474048968982906, 0.9932035659732628, 0.9917218323690651, 0.930586129131993, 0.9450448249081256, 0.7905531029514323, 0.9169567260822411, 0.99760611375511, 0.9997552075637235, 0.61838028643971, 0.9518204087005135, 0.9803531419522613, 0.9829971954100503, 0.9964351129905729, 0.6904285855304167, 0.9997718505698612, 0.5865984788473576, 0.3547467068195635, 0.9972646717857067, 0.9972646717857067, 0.9999510007759932, 0.9989326546260582, 0.9957038559877689, 0.9668403305456928, 0.776504213600988, 0.9840304711717017, 0.9296343371787996, 0.9909745836784183, 0.9922958320844479, 0.9527086261519159, 0.9996532977557252, 0.9359182260980337, 0.8982350806947923, 0.9946286080842497, 0.984006933500057, 0.7477570322984546, 0.9799478406131054, 0.9585780870901026, 0.9918752240921827]
05/13/2020 08:41:54:: root node 45
05/13/2020 08:41:58:: base group:771
05/13/2020 08:41:58:: left tree :410
05/13/2020 08:41:58:: right tree:404
05/13/2020 08:41:58:: zero node name: 1:(b45==0) 
05/13/2020 08:41:58:: one node name: 2:(b45==1) 
05/13/2020 08:41:58:: add childs
05/13/2020 08:41:58:: base group:410
05/13/2020 08:41:58:: left tree :279
05/13/2020 08:41:58:: right tree:265
05/13/2020 08:41:58:: zero node name: 3:(b57==0) 
05/13/2020 08:41:58:: one node name: 4:(b57==1) 
05/13/2020 08:41:58:: add childs
05/13/2020 08:41:59:: base group:279
05/13/2020 08:41:59:: left tree :190
05/13/2020 08:41:59:: right tree:176
05/13/2020 08:41:59:: zero node name: 5:(b27==0) 
05/13/2020 08:41:59:: one node name: 6:(b27==1) 
05/13/2020 08:41:59:: add childs
05/13/2020 08:41:59:: base group:190
05/13/2020 08:41:59:: left tree :95
05/13/2020 08:41:59:: right tree:102
05/13/2020 08:41:59:: zero node name: 7:(b7==0) 
05/13/2020 08:41:59:: one node name: 8:(b7==1) 
05/13/2020 08:41:59:: add childs
05/13/2020 08:42:00:: base group:95
05/13/2020 08:42:00:: left tree :85
05/13/2020 08:42:00:: right tree:58
05/13/2020 08:42:00:: zero node name: 9:(b59==0) 
05/13/2020 08:42:00:: one node name: 10:(b59==1) 
05/13/2020 08:42:00:: add childs
05/13/2020 08:42:00:: base group:85
05/13/2020 08:42:00:: left tree :76
05/13/2020 08:42:00:: right tree:44
05/13/2020 08:42:00:: zero node name: 11:(b29==0) 
05/13/2020 08:42:00:: one node name: 12:(b29==1) 
05/13/2020 08:42:00:: add childs
05/13/2020 08:42:00:: base group:76
05/13/2020 08:42:00:: left tree :71
05/13/2020 08:42:00:: right tree:42
05/13/2020 08:42:00:: zero node name: 13:(b30==0) 
05/13/2020 08:42:00:: one node name: 14:(b30==1) 
05/13/2020 08:42:00:: add childs
05/13/2020 08:42:00:: base group:71
05/13/2020 08:42:01:: left tree :63
05/13/2020 08:42:01:: right tree:15
05/13/2020 08:42:01:: zero node name: 15:(b33==0) 
05/13/2020 08:42:01:: one node name: 16:(b33==1) 
05/13/2020 08:42:01:: add childs
05/13/2020 08:42:01:: base group:63
05/13/2020 08:42:01:: left tree :58
05/13/2020 08:42:01:: right tree:16
05/13/2020 08:42:01:: zero node name: 17:(b37==0) 
05/13/2020 08:42:01:: one node name: 18:(b37==1) 
05/13/2020 08:42:01:: add childs
05/13/2020 08:42:01:: base group:58
05/13/2020 08:42:01:: left tree :54
05/13/2020 08:42:01:: right tree:18
05/13/2020 08:42:01:: zero node name: 19:(b53==0) 
05/13/2020 08:42:01:: one node name: 20:(b53==1) 
05/13/2020 08:42:01:: add childs
05/13/2020 08:42:02:: base group:54
05/13/2020 08:42:02:: left tree :51
05/13/2020 08:42:02:: right tree:24
05/13/2020 08:42:02:: zero node name: 21:(b62==0) 
05/13/2020 08:42:02:: one node name: 22:(b62==1) 
05/13/2020 08:42:02:: add childs
05/13/2020 08:42:02:: base group:51
05/13/2020 08:42:02:: left tree :48
05/13/2020 08:42:02:: right tree:19
05/13/2020 08:42:02:: zero node name: 23:(b55==0) 
05/13/2020 08:42:02:: one node name: 24:(b55==1) 
05/13/2020 08:42:02:: add childs
05/13/2020 08:42:02:: base group:48
05/13/2020 08:42:02:: left tree :45
05/13/2020 08:42:02:: right tree:15
05/13/2020 08:42:02:: zero node name: 25:(b46==0) 
05/13/2020 08:42:02:: one node name: 26:(b46==1) 
05/13/2020 08:42:02:: add childs
05/13/2020 08:42:03:: base group:45
05/13/2020 08:42:03:: left tree :44
05/13/2020 08:42:03:: right tree:15
05/13/2020 08:42:03:: zero node name: 27:(b61==0) 
05/13/2020 08:42:03:: one node name: 28:(b61==1) 
05/13/2020 08:42:03:: add childs
05/13/2020 08:42:03:: base group:44
05/13/2020 08:42:03:: left tree :14
05/13/2020 08:42:03:: right tree:43
05/13/2020 08:42:03:: zero node name: 29:(b56==0) 
05/13/2020 08:42:03:: one node name: 30:(b56==1) 
05/13/2020 08:42:03:: add childs
05/13/2020 08:42:03:: sub group size is 14, smaller than 32
05/13/2020 08:42:03:: sub_group_rules: 
05/13/2020 08:42:03:: Int64Index([702, 707, 733, 739, 742, 744, 752, 753, 756, 759, 767, 768, 769,
            770],
           dtype='int64')
05/13/2020 08:42:03:: base group:43
05/13/2020 08:42:03:: left tree :42
05/13/2020 08:42:03:: right tree:13
05/13/2020 08:42:03:: zero node name: 31:(b47==0) 
05/13/2020 08:42:03:: one node name: 32:(b47==1) 
05/13/2020 08:42:03:: add childs
05/13/2020 08:42:04:: base group:42
05/13/2020 08:42:04:: left tree :41
05/13/2020 08:42:04:: right tree:12
05/13/2020 08:42:04:: zero node name: 33:(b38==0) 
05/13/2020 08:42:04:: one node name: 34:(b38==1) 
05/13/2020 08:42:04:: add childs
05/13/2020 08:42:04:: base group:41
05/13/2020 08:42:04:: left tree :11
05/13/2020 08:42:04:: right tree:40
05/13/2020 08:42:04:: zero node name: 35:(b36==0) 
05/13/2020 08:42:04:: one node name: 36:(b36==1) 
05/13/2020 08:42:04:: add childs
05/13/2020 08:42:04:: sub group size is 11, smaller than 32
05/13/2020 08:42:04:: sub_group_rules: 
05/13/2020 08:42:04:: Int64Index([739, 742, 744, 752, 753, 756, 759, 767, 768, 769, 770], dtype='int64')
05/13/2020 08:42:04:: base group:40
05/13/2020 08:42:04:: left tree :10
05/13/2020 08:42:04:: right tree:39
05/13/2020 08:42:04:: zero node name: 37:(b35==0) 
05/13/2020 08:42:04:: one node name: 38:(b35==1) 
05/13/2020 08:42:04:: add childs
05/13/2020 08:42:04:: sub group size is 10, smaller than 32
05/13/2020 08:42:04:: sub_group_rules: 
05/13/2020 08:42:04:: Int64Index([742, 744, 752, 753, 756, 759, 767, 768, 769, 770], dtype='int64')
05/13/2020 08:42:05:: base group:39
05/13/2020 08:42:05:: left tree :38
05/13/2020 08:42:05:: right tree:9
05/13/2020 08:42:05:: zero node name: 39:(b34==0) 
05/13/2020 08:42:05:: one node name: 40:(b34==1) 
05/13/2020 08:42:05:: add childs
05/13/2020 08:42:05:: base group:38
05/13/2020 08:42:05:: left tree :37
05/13/2020 08:42:05:: right tree:6
05/13/2020 08:42:05:: zero node name: 41:(b32==0) 
05/13/2020 08:42:05:: one node name: 42:(b32==1) 
05/13/2020 08:42:05:: add childs
05/13/2020 08:42:05:: base group:37
05/13/2020 08:42:05:: left tree :2
05/13/2020 08:42:05:: right tree:37
05/13/2020 08:42:05:: zero node name: 43:(b0==0) 
05/13/2020 08:42:05:: one node name: 44:(b0==1) 
05/13/2020 08:42:05:: add childs
05/13/2020 08:42:05:: sub group size is 2, smaller than 32
05/13/2020 08:42:05:: sub_group_rules: 
05/13/2020 08:42:05:: Int64Index([769, 770], dtype='int64')
05/13/2020 08:42:06:: base group:37
05/13/2020 08:42:06:: left tree :0
05/13/2020 08:42:06:: right tree:37
05/13/2020 08:42:06:: zero node name: 45:(b0==0) 
05/13/2020 08:42:06:: one node name: 46:(b0==1) 
05/13/2020 08:42:06:: add childs
05/13/2020 08:42:06:: sub group size is 0, smaller than 32
05/13/2020 08:42:06:: sub_group_rules: 
05/13/2020 08:42:06:: Int64Index([], dtype='int64')
05/13/2020 08:42:06:: base group:37
05/13/2020 08:42:06:: left tree :0
05/13/2020 08:42:06:: right tree:37
05/13/2020 08:42:06:: zero node name: 47:(b0==0) 
05/13/2020 08:42:06:: one node name: 48:(b0==1) 
05/13/2020 08:42:06:: add childs
05/13/2020 08:42:06:: sub group size is 0, smaller than 32
05/13/2020 08:42:06:: sub_group_rules: 
05/13/2020 08:42:06:: Int64Index([], dtype='int64')
05/13/2020 08:42:07:: base group:37
05/13/2020 08:42:07:: left tree :0
05/13/2020 08:42:07:: right tree:37
05/13/2020 08:42:07:: zero node name: 49:(b0==0) 
05/13/2020 08:42:07:: one node name: 50:(b0==1) 
05/13/2020 08:42:07:: add childs
05/13/2020 08:42:07:: sub group size is 0, smaller than 32
05/13/2020 08:42:07:: sub_group_rules: 
05/13/2020 08:42:07:: Int64Index([], dtype='int64')
05/13/2020 08:42:07:: base group:37
05/13/2020 08:42:07:: left tree :0
05/13/2020 08:42:07:: right tree:37
05/13/2020 08:42:07:: zero node name: 51:(b0==0) 
05/13/2020 08:42:07:: one node name: 52:(b0==1) 
05/13/2020 08:42:07:: add childs
05/13/2020 08:42:07:: sub group size is 0, smaller than 32
05/13/2020 08:42:07:: sub_group_rules: 
05/13/2020 08:42:07:: Int64Index([], dtype='int64')
05/13/2020 08:42:08:: base group:37
05/13/2020 08:42:08:: left tree :0
05/13/2020 08:42:08:: right tree:37
05/13/2020 08:42:08:: zero node name: 53:(b0==0) 
05/13/2020 08:42:08:: one node name: 54:(b0==1) 
05/13/2020 08:42:08:: add childs
05/13/2020 08:42:08:: sub group size is 0, smaller than 32
05/13/2020 08:42:08:: sub_group_rules: 
05/13/2020 08:42:08:: Int64Index([], dtype='int64')
05/13/2020 08:42:08:: base group:37
05/13/2020 08:42:08:: left tree :0
05/13/2020 08:42:08:: right tree:37
05/13/2020 08:42:08:: zero node name: 55:(b0==0) 
05/13/2020 08:42:08:: one node name: 56:(b0==1) 
05/13/2020 08:42:08:: add childs
05/13/2020 08:42:08:: sub group size is 0, smaller than 32
05/13/2020 08:42:08:: sub_group_rules: 
05/13/2020 08:42:08:: Int64Index([], dtype='int64')
05/13/2020 08:42:08:: base group:37
05/13/2020 08:42:08:: left tree :0
05/13/2020 08:42:08:: right tree:37
05/13/2020 08:42:08:: zero node name: 57:(b0==0) 
05/13/2020 08:42:08:: one node name: 58:(b0==1) 
05/13/2020 08:42:08:: add childs
05/13/2020 08:42:08:: sub group size is 0, smaller than 32
05/13/2020 08:42:08:: sub_group_rules: 
05/13/2020 08:42:08:: Int64Index([], dtype='int64')
05/13/2020 08:42:09:: base group:37
05/13/2020 08:42:09:: left tree :0
05/13/2020 08:42:09:: right tree:37
05/13/2020 08:42:09:: zero node name: 59:(b0==0) 
05/13/2020 08:42:09:: one node name: 60:(b0==1) 
05/13/2020 08:42:09:: add childs
05/13/2020 08:42:09:: sub group size is 0, smaller than 32
05/13/2020 08:42:09:: sub_group_rules: 
05/13/2020 08:42:09:: Int64Index([], dtype='int64')
05/13/2020 08:42:09:: base group:37
05/13/2020 08:42:09:: left tree :0
05/13/2020 08:42:09:: right tree:37
05/13/2020 08:42:09:: zero node name: 61:(b0==0) 
05/13/2020 08:42:09:: one node name: 62:(b0==1) 
05/13/2020 08:42:09:: add childs
05/13/2020 08:42:09:: sub group size is 0, smaller than 32
05/13/2020 08:42:09:: sub_group_rules: 
05/13/2020 08:42:09:: Int64Index([], dtype='int64')
05/13/2020 08:42:09:: base group:37
05/13/2020 08:42:09:: left tree :0
05/13/2020 08:42:09:: right tree:37
05/13/2020 08:42:09:: zero node name: 63:(b0==0) 
05/13/2020 08:42:09:: one node name: 64:(b0==1) 
05/13/2020 08:42:09:: add childs
05/13/2020 08:42:09:: sub group size is 0, smaller than 32
05/13/2020 08:42:09:: sub_group_rules: 
05/13/2020 08:42:09:: Int64Index([], dtype='int64')
05/13/2020 08:42:10:: base group:37
05/13/2020 08:42:10:: left tree :0
05/13/2020 08:42:10:: right tree:37
05/13/2020 08:42:10:: zero node name: 65:(b0==0) 
05/13/2020 08:42:10:: one node name: 66:(b0==1) 
05/13/2020 08:42:10:: add childs
05/13/2020 08:42:10:: sub group size is 0, smaller than 32
05/13/2020 08:42:10:: sub_group_rules: 
05/13/2020 08:42:10:: Int64Index([], dtype='int64')
05/13/2020 08:42:10:: base group:37
05/13/2020 08:42:10:: left tree :0
05/13/2020 08:42:10:: right tree:37
05/13/2020 08:42:10:: zero node name: 67:(b0==0) 
05/13/2020 08:42:10:: one node name: 68:(b0==1) 
05/13/2020 08:42:10:: add childs
05/13/2020 08:42:10:: sub group size is 0, smaller than 32
05/13/2020 08:42:10:: sub_group_rules: 
05/13/2020 08:42:10:: Int64Index([], dtype='int64')
05/13/2020 08:42:10:: base group:37
05/13/2020 08:42:10:: left tree :0
05/13/2020 08:42:10:: right tree:37
05/13/2020 08:42:10:: zero node name: 69:(b0==0) 
05/13/2020 08:42:10:: one node name: 70:(b0==1) 
05/13/2020 08:42:10:: add childs
05/13/2020 08:42:10:: sub group size is 0, smaller than 32
05/13/2020 08:42:10:: sub_group_rules: 
05/13/2020 08:42:10:: Int64Index([], dtype='int64')
05/13/2020 08:42:11:: base group:37
05/13/2020 08:42:11:: left tree :0
05/13/2020 08:42:11:: right tree:37
05/13/2020 08:42:11:: zero node name: 71:(b0==0) 
05/13/2020 08:42:11:: one node name: 72:(b0==1) 
05/13/2020 08:42:11:: add childs
05/13/2020 08:42:11:: sub group size is 0, smaller than 32
05/13/2020 08:42:11:: sub_group_rules: 
05/13/2020 08:42:11:: Int64Index([], dtype='int64')
