05/13/2020 08:26:43:: first bit gains: [0.9821301814337599, 0.9821301814337599, 0.9821301814337599, 0, 0, 0, 0.014423009534771686, 0.9827232633014499, 0.9816856825905067, 0.014472403908905905, 0, 0.9816856825905066, 0.9816856825905067, 0.9822885970947288, 0.9822885970947288, 0.9822885970947288, 0.9816856825905067, 0.9822885970947288, 0, 0.014472403908906268, 0, 0, 0, 0, 0.6395642008152442, 0.46474048968982906, 0.9932035659732628, 0.9917218323690651, 0.930586129131993, 0.9450448249081256, 0.7905531029514323, 0.9169567260822411, 0.99760611375511, 0.9997552075637235, 0.61838028643971, 0.9518204087005135, 0.9803531419522613, 0.9829971954100503, 0.9964351129905729, 0.6904285855304167, 0.9997718505698612, 0.5865984788473576, 0.3547467068195635, 0.9972646717857067, 0.9972646717857067, 0.9999510007759932, 0.9989326546260582, 0.9957038559877689, 0.9668403305456928, 0.776504213600988, 0.9840304711717017, 0.9296343371787996, 0.9909745836784183, 0.9922958320844479, 0.9527086261519159, 0.9996532977557252, 0.9359182260980337, 0.8982350806947923, 0.9946286080842497, 0.984006933500057, 0.7477570322984546, 0.9799478406131054, 0.9585780870901026, 0.9918752240921827]
05/13/2020 08:26:44:: root node 45
05/13/2020 08:26:44:: base group:771
05/13/2020 08:26:44:: left tree :410
05/13/2020 08:26:44:: right tree:404
05/13/2020 08:26:44:: zero node name: 1:(b45==0) 
05/13/2020 08:26:44:: one node name: 2:(b45==1) 
05/13/2020 08:26:44:: add childs
05/13/2020 08:26:44:: base group:410
05/13/2020 08:26:44:: left tree :279
05/13/2020 08:26:44:: right tree:265
05/13/2020 08:26:44:: zero node name: 3:(b57==0) 
05/13/2020 08:26:44:: one node name: 4:(b57==1) 
05/13/2020 08:26:44:: add childs
05/13/2020 08:26:44:: base group:279
05/13/2020 08:26:44:: left tree :190
05/13/2020 08:26:44:: right tree:176
05/13/2020 08:26:44:: zero node name: 5:(b27==0) 
05/13/2020 08:26:44:: one node name: 6:(b27==1) 
05/13/2020 08:26:44:: add childs
05/13/2020 08:26:44:: base group:190
05/13/2020 08:26:44:: left tree :95
05/13/2020 08:26:44:: right tree:102
05/13/2020 08:26:44:: zero node name: 7:(b7==0) 
05/13/2020 08:26:44:: one node name: 8:(b7==1) 
05/13/2020 08:26:44:: add childs
05/13/2020 08:26:44:: sub group size is 95, smaller than 128
05/13/2020 08:26:44:: sub_group_rules: 
05/13/2020 08:26:44:: Int64Index([  7,   9,  38,  86,  87,  88,  90,  91,  93,  95,  96,  98,  99,
            100, 101, 102, 103, 105, 199, 202, 216, 217, 225, 250, 273, 274,
            298, 309, 310, 311, 329, 330, 362, 366, 367, 369, 392, 400, 402,
            403, 404, 414, 415, 419, 440, 441, 459, 460, 461, 462, 463, 478,
            493, 538, 578, 586, 603, 610, 615, 647, 648, 664, 672, 673, 686,
            694, 702, 705, 707, 713, 726, 727, 732, 733, 735, 736, 739, 742,
            744, 745, 748, 751, 752, 753, 756, 759, 761, 762, 763, 764, 765,
            767, 768, 769, 770],
           dtype='int64')
05/13/2020 08:26:44:: sub group size is 102, smaller than 128
05/13/2020 08:26:44:: sub_group_rules: 
05/13/2020 08:26:44:: Int64Index([ 17,  30,  32, 130, 133, 139, 141, 169, 170, 171,
            ...
            758, 760, 761, 762, 763, 764, 765, 766, 769, 770],
           dtype='int64', length=102)
05/13/2020 08:26:44:: base group:176
05/13/2020 08:26:44:: left tree :132
05/13/2020 08:26:44:: right tree:131
05/13/2020 08:26:44:: zero node name: 9:(b26==0) 
05/13/2020 08:26:44:: one node name: 10:(b26==1) 
05/13/2020 08:26:44:: add childs
05/13/2020 08:26:45:: base group:132
05/13/2020 08:26:45:: left tree :69
05/13/2020 08:26:45:: right tree:70
05/13/2020 08:26:45:: zero node name: 11:(b32==0) 
05/13/2020 08:26:45:: one node name: 12:(b32==1) 
05/13/2020 08:26:45:: add childs
05/13/2020 08:26:45:: sub group size is 69, smaller than 128
05/13/2020 08:26:45:: sub_group_rules: 
05/13/2020 08:26:45:: Int64Index([ 12, 106, 218, 299, 329, 330, 342, 351, 360, 361, 394, 395, 417,
            418, 438, 440, 441, 444, 459, 460, 461, 462, 463, 464, 467, 474,
            478, 525, 547, 594, 601, 602, 641, 647, 648, 650, 655, 667, 671,
            674, 686, 702, 705, 707, 721, 723, 727, 733, 735, 739, 740, 742,
            743, 744, 750, 752, 753, 759, 760, 761, 762, 763, 764, 765, 766,
            767, 768, 769, 770],
           dtype='int64')
05/13/2020 08:26:45:: sub group size is 70, smaller than 128
05/13/2020 08:26:45:: sub_group_rules: 
05/13/2020 08:26:45:: Int64Index([ 14,  15,  77, 110, 111, 112, 114, 119, 124, 319, 331, 343, 345,
            352, 365, 370, 422, 443, 445, 466, 470, 471, 472, 481, 494, 540,
            543, 546, 609, 616, 618, 619, 620, 651, 659, 675, 677, 708, 713,
            717, 724, 726, 728, 729, 730, 731, 732, 734, 736, 737, 738, 741,
            745, 746, 747, 748, 749, 751, 754, 755, 756, 757, 758, 759, 760,
            766, 767, 768, 769, 770],
           dtype='int64')
05/13/2020 08:26:45:: base group:131
05/13/2020 08:26:45:: left tree :69
05/13/2020 08:26:45:: right tree:69
05/13/2020 08:26:45:: zero node name: 13:(b32==0) 
05/13/2020 08:26:45:: one node name: 14:(b32==1) 
05/13/2020 08:26:45:: add childs
05/13/2020 08:26:45:: sub group size is 69, smaller than 128
05/13/2020 08:26:45:: sub_group_rules: 
05/13/2020 08:26:45:: Int64Index([163, 166, 167, 194, 229, 329, 330, 342, 363, 364, 377, 397, 438,
            440, 441, 444, 459, 460, 461, 462, 463, 464, 467, 474, 478, 515,
            568, 570, 572, 592, 598, 606, 612, 613, 647, 648, 650, 655, 663,
            686, 691, 702, 705, 707, 721, 723, 727, 733, 735, 739, 740, 742,
            743, 744, 750, 752, 753, 759, 760, 761, 762, 763, 764, 765, 766,
            767, 768, 769, 770],
           dtype='int64')
05/13/2020 08:26:45:: sub group size is 69, smaller than 128
05/13/2020 08:26:45:: sub_group_rules: 
05/13/2020 08:26:45:: Int64Index([ 27,  28,  29, 164, 165, 168, 257, 258, 279, 280, 303, 321, 324,
            331, 343, 345, 376, 378, 398, 416, 428, 443, 445, 466, 470, 471,
            472, 481, 571, 580, 597, 605, 651, 659, 680, 688, 708, 713, 717,
            724, 726, 728, 729, 730, 731, 732, 734, 736, 737, 738, 741, 745,
            746, 747, 748, 749, 751, 754, 755, 756, 757, 758, 759, 760, 766,
            767, 768, 769, 770],
           dtype='int64')
05/13/2020 08:26:45:: base group:265
05/13/2020 08:26:45:: left tree :160
05/13/2020 08:26:45:: right tree:157
05/13/2020 08:26:45:: zero node name: 15:(b53==0) 
05/13/2020 08:26:45:: one node name: 16:(b53==1) 
05/13/2020 08:26:45:: add childs
05/13/2020 08:26:45:: base group:160
05/13/2020 08:26:45:: left tree :112
05/13/2020 08:26:45:: right tree:111
05/13/2020 08:26:45:: zero node name: 17:(b28==0) 
05/13/2020 08:26:45:: one node name: 18:(b28==1) 
05/13/2020 08:26:45:: add childs
05/13/2020 08:26:45:: sub group size is 112, smaller than 128
05/13/2020 08:26:45:: sub_group_rules: 
05/13/2020 08:26:45:: Int64Index([ 13,  69,  70,  71,  82,  83,  84, 113, 118, 120,
            ...
            761, 762, 763, 764, 765, 766, 767, 768, 769, 770],
           dtype='int64', length=112)
05/13/2020 08:26:45:: sub group size is 111, smaller than 128
05/13/2020 08:26:45:: sub_group_rules: 
05/13/2020 08:26:45:: Int64Index([  4,   5,   6,  39,  72,  73,  75,  78,  79,  81,
            ...
            761, 762, 763, 764, 765, 766, 767, 768, 769, 770],
           dtype='int64', length=111)
05/13/2020 08:26:45:: base group:157
05/13/2020 08:26:45:: left tree :99
05/13/2020 08:26:45:: right tree:98
05/13/2020 08:26:45:: zero node name: 19:(b44==0) 
05/13/2020 08:26:45:: one node name: 20:(b44==1) 
05/13/2020 08:26:45:: add childs
05/13/2020 08:26:45:: sub group size is 99, smaller than 128
05/13/2020 08:26:45:: sub_group_rules: 
05/13/2020 08:26:45:: Int64Index([  3,  54,  55,  56,  57,  58,  59,  60,  62,  64,  65,  66,  67,
             68, 192, 240, 243, 244, 245, 265, 305, 306, 336, 353, 370, 436,
            451, 452, 454, 485, 486, 487, 488, 489, 496, 505, 510, 526, 529,
            531, 533, 584, 601, 605, 610, 612, 613, 618, 629, 638, 641, 645,
            667, 675, 677, 685, 724, 728, 729, 730, 731, 732, 733, 734, 735,
            736, 737, 738, 739, 740, 741, 742, 743, 744, 745, 746, 747, 748,
            749, 750, 751, 752, 753, 754, 755, 756, 757, 758, 759, 760, 761,
            763, 764, 765, 766, 767, 768, 769, 770],
           dtype='int64')
05/13/2020 08:26:45:: sub group size is 98, smaller than 128
05/13/2020 08:26:45:: sub_group_rules: 
05/13/2020 08:26:45:: Int64Index([ 37,  61,  63,  74,  80,  89,  97, 200, 241, 246, 264, 278, 339,
            351, 352, 366, 367, 369, 377, 385, 387, 394, 395, 396, 397, 403,
            404, 417, 418, 419, 430, 437, 512, 527, 535, 554, 556, 557, 558,
            606, 609, 622, 644, 664, 674, 683, 691, 694, 697, 707, 708, 713,
            717, 721, 723, 726, 727, 728, 729, 730, 731, 732, 733, 734, 735,
            736, 737, 738, 739, 740, 741, 742, 743, 744, 745, 746, 747, 748,
            749, 750, 751, 752, 753, 754, 755, 756, 757, 758, 759, 760, 762,
            764, 765, 766, 767, 768, 769, 770],
           dtype='int64')
05/13/2020 08:26:46:: base group:404
05/13/2020 08:26:46:: left tree :267
05/13/2020 08:26:46:: right tree:267
05/13/2020 08:26:46:: zero node name: 21:(b56==0) 
05/13/2020 08:26:46:: one node name: 22:(b56==1) 
05/13/2020 08:26:46:: add childs
05/13/2020 08:26:46:: base group:267
05/13/2020 08:26:46:: left tree :146
05/13/2020 08:26:46:: right tree:141
05/13/2020 08:26:46:: zero node name: 23:(b35==0) 
05/13/2020 08:26:46:: one node name: 24:(b35==1) 
05/13/2020 08:26:46:: add childs
05/13/2020 08:26:46:: base group:146
05/13/2020 08:26:46:: left tree :95
05/13/2020 08:26:46:: right tree:86
05/13/2020 08:26:46:: zero node name: 25:(b51==0) 
05/13/2020 08:26:46:: one node name: 26:(b51==1) 
05/13/2020 08:26:46:: add childs
05/13/2020 08:26:46:: sub group size is 95, smaller than 128
05/13/2020 08:26:46:: sub_group_rules: 
05/13/2020 08:26:46:: Int64Index([ 20,  22,  23,  24,  25,  26, 142, 143, 144, 146, 147, 148, 149,
            150, 152, 153, 154, 155, 158, 159, 160, 161, 162, 205, 206, 220,
            234, 256, 275, 302, 313, 323, 340, 341, 356, 374, 375, 405, 427,
            439, 469, 498, 499, 506, 566, 569, 587, 588, 591, 596, 604, 626,
            627, 628, 656, 657, 665, 666, 679, 690, 709, 714, 716, 720, 722,
            725, 730, 731, 734, 736, 738, 741, 742, 743, 744, 746, 748, 749,
            750, 751, 752, 753, 754, 755, 756, 757, 758, 759, 760, 764, 766,
            767, 768, 769, 770],
           dtype='int64')
05/13/2020 08:26:46:: sub group size is 86, smaller than 128
05/13/2020 08:26:46:: sub_group_rules: 
05/13/2020 08:26:46:: Int64Index([132, 134, 135, 136, 137, 140, 173, 230, 268, 320, 327, 350, 355,
            358, 368, 381, 383, 386, 388, 389, 393, 399, 407, 408, 420, 426,
            431, 432, 433, 435, 450, 479, 502, 560, 562, 567, 579, 611, 614,
            623, 630, 632, 634, 654, 658, 682, 692, 693, 698, 704, 706, 709,
            714, 716, 720, 722, 725, 730, 731, 734, 736, 738, 741, 742, 743,
            744, 746, 748, 749, 750, 751, 752, 753, 754, 755, 756, 757, 758,
            759, 760, 764, 766, 767, 768, 769, 770],
           dtype='int64')
05/13/2020 08:26:46:: base group:141
05/13/2020 08:26:46:: left tree :86
05/13/2020 08:26:46:: right tree:89
05/13/2020 08:26:46:: zero node name: 27:(b47==0) 
05/13/2020 08:26:46:: one node name: 28:(b47==1) 
05/13/2020 08:26:46:: add childs
05/13/2020 08:26:46:: sub group size is 86, smaller than 128
05/13/2020 08:26:46:: sub_group_rules: 
05/13/2020 08:26:46:: Int64Index([ 19,  36, 108, 123, 125, 128, 145, 151, 156, 157, 189, 193, 251,
            252, 253, 281, 285, 301, 312, 325, 344, 371, 382, 384, 390, 406,
            421, 423, 429, 434, 442, 449, 475, 482, 544, 549, 550, 563, 564,
            575, 583, 589, 595, 624, 635, 636, 640, 649, 678, 711, 712, 719,
            728, 729, 732, 733, 735, 737, 739, 740, 742, 743, 745, 747, 748,
            749, 750, 751, 752, 753, 754, 755, 756, 757, 758, 759, 760, 761,
            762, 763, 765, 766, 767, 768, 769, 770],
           dtype='int64')
05/13/2020 08:26:46:: sub group size is 89, smaller than 128
05/13/2020 08:26:46:: sub_group_rules: 
05/13/2020 08:26:46:: Int64Index([  1,   2,  16,  18,  42,  43,  44,  92, 115, 116, 117, 122, 131,
            197, 227, 238, 239, 277, 288, 338, 354, 359, 372, 373, 391, 401,
            411, 412, 413, 424, 465, 468, 477, 513, 514, 552, 553, 581, 599,
            600, 607, 608, 617, 621, 642, 653, 669, 670, 676, 684, 689, 700,
            710, 715, 718, 728, 729, 732, 733, 735, 737, 739, 740, 742, 743,
            745, 747, 748, 749, 750, 751, 752, 753, 754, 755, 756, 757, 758,
            759, 760, 761, 762, 763, 765, 766, 767, 768, 769, 770],
           dtype='int64')
05/13/2020 08:26:46:: base group:267
05/13/2020 08:26:46:: left tree :202
05/13/2020 08:26:46:: right tree:211
05/13/2020 08:26:46:: zero node name: 29:(b63==0) 
05/13/2020 08:26:46:: one node name: 30:(b63==1) 
05/13/2020 08:26:46:: add childs
05/13/2020 08:26:46:: base group:202
05/13/2020 08:26:46:: left tree :126
05/13/2020 08:26:46:: right tree:131
05/13/2020 08:26:46:: zero node name: 31:(b50==0) 
05/13/2020 08:26:46:: one node name: 32:(b50==1) 
05/13/2020 08:26:46:: add childs
05/13/2020 08:26:46:: sub group size is 126, smaller than 128
05/13/2020 08:26:46:: sub_group_rules: 
05/13/2020 08:26:46:: Int64Index([ 21,  47,  49,  50,  52,  53, 126, 127, 138, 198,
            ...
            761, 762, 763, 764, 765, 766, 767, 768, 769, 770],
           dtype='int64', length=126)
05/13/2020 08:26:47:: base group:131
05/13/2020 08:26:47:: left tree :81
05/13/2020 08:26:47:: right tree:105
05/13/2020 08:26:47:: zero node name: 33:(b53==0) 
05/13/2020 08:26:47:: one node name: 34:(b53==1) 
05/13/2020 08:26:47:: add childs
05/13/2020 08:26:47:: sub group size is 81, smaller than 128
05/13/2020 08:26:47:: sub_group_rules: 
05/13/2020 08:26:47:: Int64Index([211, 350, 354, 358, 368, 381, 383, 386, 388, 389, 393, 399, 408,
            411, 420, 423, 431, 432, 433, 435, 607, 670, 682, 692, 693, 698,
            709, 710, 711, 712, 714, 715, 716, 718, 719, 720, 722, 725, 728,
            729, 730, 731, 732, 733, 734, 735, 736, 737, 738, 739, 740, 741,
            742, 743, 744, 745, 746, 747, 748, 749, 750, 751, 752, 753, 754,
            755, 756, 757, 758, 759, 760, 761, 762, 763, 764, 765, 766, 767,
            768, 769, 770],
           dtype='int64')
05/13/2020 08:26:47:: sub group size is 105, smaller than 128
05/13/2020 08:26:47:: sub_group_rules: 
05/13/2020 08:26:47:: Int64Index([  0,  31, 129, 174, 176, 177, 179, 180, 181, 208,
            ...
            761, 762, 763, 764, 765, 766, 767, 768, 769, 770],
           dtype='int64', length=105)
05/13/2020 08:26:47:: base group:211
05/13/2020 08:26:47:: left tree :129
05/13/2020 08:26:47:: right tree:153
05/13/2020 08:26:47:: zero node name: 35:(b26==0) 
05/13/2020 08:26:47:: one node name: 36:(b26==1) 
05/13/2020 08:26:47:: add childs
05/13/2020 08:26:47:: base group:129
05/13/2020 08:26:47:: left tree :64
05/13/2020 08:26:47:: right tree:72
05/13/2020 08:26:47:: zero node name: 37:(b7==0) 
05/13/2020 08:26:47:: one node name: 38:(b7==1) 
05/13/2020 08:26:47:: add childs
05/13/2020 08:26:47:: sub group size is 64, smaller than 128
05/13/2020 08:26:47:: sub_group_rules: 
05/13/2020 08:26:47:: Int64Index([  8,  10,  48,  51,  76,  85,  94, 104, 201, 210, 213, 223, 224,
            247, 249, 267, 287, 296, 297, 334, 337, 368, 409, 413, 420, 448,
            453, 480, 519, 532, 537, 539, 600, 608, 614, 669, 706, 710, 711,
            712, 714, 732, 733, 735, 736, 739, 742, 744, 745, 748, 751, 752,
            753, 756, 759, 761, 762, 763, 764, 765, 767, 768, 769, 770],
           dtype='int64')
05/13/2020 08:26:47:: sub group size is 72, smaller than 128
05/13/2020 08:26:47:: sub_group_rules: 
05/13/2020 08:26:47:: Int64Index([ 11, 204, 211, 228, 332, 349, 354, 355, 371, 372, 373, 374, 405,
            406, 421, 423, 424, 426, 446, 473, 497, 561, 565, 604, 617, 621,
            623, 624, 662, 665, 668, 676, 678, 690, 699, 701, 703, 709, 715,
            716, 718, 719, 720, 722, 725, 728, 729, 730, 731, 734, 737, 738,
            740, 741, 743, 746, 747, 749, 750, 754, 755, 757, 758, 760, 761,
            762, 763, 764, 765, 766, 769, 770],
           dtype='int64')
05/13/2020 08:26:47:: base group:153
05/13/2020 08:26:47:: left tree :59
05/13/2020 08:26:47:: right tree:101
05/13/2020 08:26:47:: zero node name: 39:(b7==0) 
05/13/2020 08:26:47:: one node name: 40:(b7==1) 
05/13/2020 08:26:47:: add childs
05/13/2020 08:26:47:: sub group size is 59, smaller than 128
05/13/2020 08:26:47:: sub_group_rules: 
05/13/2020 08:26:47:: Int64Index([ 40,  41,  45,  46, 237, 289, 300, 304, 334, 337, 350, 359, 391,
            393, 401, 409, 411, 412, 448, 453, 480, 483, 484, 516, 528, 530,
            599, 607, 611, 670, 689, 706, 710, 711, 712, 714, 732, 733, 735,
            736, 739, 742, 744, 745, 748, 751, 752, 753, 756, 759, 761, 762,
            763, 764, 765, 767, 768, 769, 770],
           dtype='int64')
05/13/2020 08:26:47:: sub group size is 101, smaller than 128
05/13/2020 08:26:47:: sub_group_rules: 
05/13/2020 08:26:47:: Int64Index([ 33,  34,  35, 182, 183, 184, 186, 187, 188, 190,
            ...
            758, 760, 761, 762, 763, 764, 765, 766, 769, 770],
           dtype='int64', length=101)
05/13/2020 08:26:47:: Number of nodes: 41

05/13/2020 08:26:47:: Max depth: 5

05/13/2020 08:26:47:: longest path: ['root', '2:(b45==1) ', '22:(b56==1) ', '30:(b63==1) ', '36:(b26==1) ', '40:(b7==1) ']

05/13/2020 08:26:47:: first bit gains: [0.9821301814337599, 0.9821301814337599, 0.9821301814337599, 0, 0, 0, 0.014423009534771686, 0.9827232633014499, 0.9816856825905067, 0.014472403908905905, 0, 0.9816856825905066, 0.9816856825905067, 0.9822885970947288, 0.9822885970947288, 0.9822885970947288, 0.9816856825905067, 0.9822885970947288, 0, 0.014472403908906268, 0, 0, 0, 0, 0.6395642008152442, 0.46474048968982906, 0.9932035659732628, 0.9917218323690651, 0.930586129131993, 0.9450448249081256, 0.7905531029514323, 0.9169567260822411, 0.99760611375511, 0.9997552075637235, 0.61838028643971, 0.9518204087005135, 0.9803531419522613, 0.9829971954100503, 0.9964351129905729, 0.6904285855304167, 0.9997718505698612, 0.5865984788473576, 0.3547467068195635, 0.9972646717857067, 0.9972646717857067, 0.9999510007759932, 0.9989326546260582, 0.9957038559877689, 0.9668403305456928, 0.776504213600988, 0.9840304711717017, 0.9296343371787996, 0.9909745836784183, 0.9922958320844479, 0.9527086261519159, 0.9996532977557252, 0.9359182260980337, 0.8982350806947923, 0.9946286080842497, 0.984006933500057, 0.7477570322984546, 0.9799478406131054, 0.9585780870901026, 0.9918752240921827]
05/13/2020 08:26:47:: root node 45
05/13/2020 08:26:48:: base group:771
05/13/2020 08:26:48:: left tree :410
05/13/2020 08:26:48:: right tree:404
05/13/2020 08:26:48:: zero node name: 41:(b45==0) 
05/13/2020 08:26:48:: one node name: 42:(b45==1) 
05/13/2020 08:26:48:: add childs
05/13/2020 08:26:48:: base group:410
05/13/2020 08:26:48:: left tree :279
05/13/2020 08:26:48:: right tree:265
05/13/2020 08:26:48:: zero node name: 43:(b57==0) 
05/13/2020 08:26:48:: one node name: 44:(b57==1) 
05/13/2020 08:26:48:: add childs
05/13/2020 08:26:48:: base group:279
05/13/2020 08:26:48:: left tree :190
05/13/2020 08:26:48:: right tree:176
05/13/2020 08:26:48:: zero node name: 45:(b27==0) 
05/13/2020 08:26:48:: one node name: 46:(b27==1) 
05/13/2020 08:26:48:: add childs
05/13/2020 08:26:48:: base group:190
05/13/2020 08:26:48:: left tree :95
05/13/2020 08:26:48:: right tree:102
05/13/2020 08:26:48:: zero node name: 47:(b7==0) 
05/13/2020 08:26:48:: one node name: 48:(b7==1) 
05/13/2020 08:26:48:: add childs
05/13/2020 08:26:48:: sub group size is 95, smaller than 96
05/13/2020 08:26:48:: sub_group_rules: 
05/13/2020 08:26:48:: Int64Index([  7,   9,  38,  86,  87,  88,  90,  91,  93,  95,  96,  98,  99,
            100, 101, 102, 103, 105, 199, 202, 216, 217, 225, 250, 273, 274,
            298, 309, 310, 311, 329, 330, 362, 366, 367, 369, 392, 400, 402,
            403, 404, 414, 415, 419, 440, 441, 459, 460, 461, 462, 463, 478,
            493, 538, 578, 586, 603, 610, 615, 647, 648, 664, 672, 673, 686,
            694, 702, 705, 707, 713, 726, 727, 732, 733, 735, 736, 739, 742,
            744, 745, 748, 751, 752, 753, 756, 759, 761, 762, 763, 764, 765,
            767, 768, 769, 770],
           dtype='int64')
05/13/2020 08:26:48:: base group:102
05/13/2020 08:26:48:: left tree :63
05/13/2020 08:26:48:: right tree:63
05/13/2020 08:26:48:: zero node name: 49:(b43==0) 
05/13/2020 08:26:48:: one node name: 50:(b43==1) 
05/13/2020 08:26:48:: add childs
05/13/2020 08:26:48:: sub group size is 63, smaller than 96
05/13/2020 08:26:48:: sub_group_rules: 
05/13/2020 08:26:48:: Int64Index([ 30, 169, 171, 172, 219, 231, 235, 259, 266, 314, 331, 343, 345,
            353, 357, 379, 380, 425, 443, 445, 466, 470, 471, 472, 481, 500,
            573, 622, 625, 629, 651, 659, 681, 695, 696, 708, 717, 724, 728,
            729, 730, 731, 734, 737, 738, 740, 741, 743, 746, 747, 749, 750,
            754, 755, 757, 758, 760, 762, 764, 765, 766, 769, 770],
           dtype='int64')
05/13/2020 08:26:48:: sub group size is 63, smaller than 96
05/13/2020 08:26:48:: sub_group_rules: 
05/13/2020 08:26:48:: Int64Index([ 17,  32, 130, 133, 139, 141, 170, 175, 178, 185, 195, 196, 207,
            254, 269, 318, 342, 385, 387, 396, 430, 438, 444, 464, 467, 474,
            559, 574, 576, 631, 633, 650, 655, 683, 697, 721, 723, 728, 729,
            730, 731, 734, 737, 738, 740, 741, 743, 746, 747, 749, 750, 754,
            755, 757, 758, 760, 761, 763, 764, 765, 766, 769, 770],
           dtype='int64')
05/13/2020 08:26:48:: base group:176
05/13/2020 08:26:48:: left tree :132
05/13/2020 08:26:48:: right tree:131
05/13/2020 08:26:48:: zero node name: 51:(b26==0) 
05/13/2020 08:26:48:: one node name: 52:(b26==1) 
05/13/2020 08:26:48:: add childs
05/13/2020 08:26:49:: base group:132
05/13/2020 08:26:49:: left tree :69
05/13/2020 08:26:49:: right tree:70
05/13/2020 08:26:49:: zero node name: 53:(b32==0) 
05/13/2020 08:26:49:: one node name: 54:(b32==1) 
05/13/2020 08:26:49:: add childs
05/13/2020 08:26:49:: sub group size is 69, smaller than 96
05/13/2020 08:26:49:: sub_group_rules: 
05/13/2020 08:26:49:: Int64Index([ 12, 106, 218, 299, 329, 330, 342, 351, 360, 361, 394, 395, 417,
            418, 438, 440, 441, 444, 459, 460, 461, 462, 463, 464, 467, 474,
            478, 525, 547, 594, 601, 602, 641, 647, 648, 650, 655, 667, 671,
            674, 686, 702, 705, 707, 721, 723, 727, 733, 735, 739, 740, 742,
            743, 744, 750, 752, 753, 759, 760, 761, 762, 763, 764, 765, 766,
            767, 768, 769, 770],
           dtype='int64')
05/13/2020 08:26:49:: sub group size is 70, smaller than 96
05/13/2020 08:26:49:: sub_group_rules: 
05/13/2020 08:26:49:: Int64Index([ 14,  15,  77, 110, 111, 112, 114, 119, 124, 319, 331, 343, 345,
            352, 365, 370, 422, 443, 445, 466, 470, 471, 472, 481, 494, 540,
            543, 546, 609, 616, 618, 619, 620, 651, 659, 675, 677, 708, 713,
            717, 724, 726, 728, 729, 730, 731, 732, 734, 736, 737, 738, 741,
            745, 746, 747, 748, 749, 751, 754, 755, 756, 757, 758, 759, 760,
            766, 767, 768, 769, 770],
           dtype='int64')
05/13/2020 08:26:49:: base group:131
05/13/2020 08:26:49:: left tree :69
05/13/2020 08:26:49:: right tree:69
05/13/2020 08:26:49:: zero node name: 55:(b32==0) 
05/13/2020 08:26:49:: one node name: 56:(b32==1) 
05/13/2020 08:26:49:: add childs
05/13/2020 08:26:49:: sub group size is 69, smaller than 96
05/13/2020 08:26:49:: sub_group_rules: 
05/13/2020 08:26:49:: Int64Index([163, 166, 167, 194, 229, 329, 330, 342, 363, 364, 377, 397, 438,
            440, 441, 444, 459, 460, 461, 462, 463, 464, 467, 474, 478, 515,
            568, 570, 572, 592, 598, 606, 612, 613, 647, 648, 650, 655, 663,
            686, 691, 702, 705, 707, 721, 723, 727, 733, 735, 739, 740, 742,
            743, 744, 750, 752, 753, 759, 760, 761, 762, 763, 764, 765, 766,
            767, 768, 769, 770],
           dtype='int64')
05/13/2020 08:26:49:: sub group size is 69, smaller than 96
05/13/2020 08:26:49:: sub_group_rules: 
05/13/2020 08:26:49:: Int64Index([ 27,  28,  29, 164, 165, 168, 257, 258, 279, 280, 303, 321, 324,
            331, 343, 345, 376, 378, 398, 416, 428, 443, 445, 466, 470, 471,
            472, 481, 571, 580, 597, 605, 651, 659, 680, 688, 708, 713, 717,
            724, 726, 728, 729, 730, 731, 732, 734, 736, 737, 738, 741, 745,
            746, 747, 748, 749, 751, 754, 755, 756, 757, 758, 759, 760, 766,
            767, 768, 769, 770],
           dtype='int64')
05/13/2020 08:26:49:: base group:265
05/13/2020 08:26:49:: left tree :160
05/13/2020 08:26:49:: right tree:157
05/13/2020 08:26:49:: zero node name: 57:(b53==0) 
05/13/2020 08:26:49:: one node name: 58:(b53==1) 
05/13/2020 08:26:49:: add childs
05/13/2020 08:26:49:: base group:160
05/13/2020 08:26:49:: left tree :112
05/13/2020 08:26:49:: right tree:111
05/13/2020 08:26:49:: zero node name: 59:(b28==0) 
05/13/2020 08:26:49:: one node name: 60:(b28==1) 
05/13/2020 08:26:49:: add childs
05/13/2020 08:26:49:: base group:112
05/13/2020 08:26:49:: left tree :60
05/13/2020 08:26:49:: right tree:62
05/13/2020 08:26:49:: zero node name: 61:(b8==0) 
05/13/2020 08:26:49:: one node name: 62:(b8==1) 
05/13/2020 08:26:49:: add childs
05/13/2020 08:26:49:: sub group size is 60, smaller than 96
05/13/2020 08:26:49:: sub_group_rules: 
05/13/2020 08:26:49:: Int64Index([ 13, 113, 118, 120, 121, 203, 226, 255, 263, 357, 379, 380, 425,
            476, 548, 590, 619, 620, 625, 631, 633, 652, 681, 687, 696, 708,
            717, 721, 723, 724, 728, 729, 730, 731, 734, 736, 737, 738, 740,
            741, 743, 746, 747, 749, 750, 754, 755, 757, 758, 760, 761, 762,
            763, 764, 765, 766, 767, 768, 769, 770],
           dtype='int64')
05/13/2020 08:26:49:: sub group size is 62, smaller than 96
05/13/2020 08:26:49:: sub_group_rules: 
05/13/2020 08:26:49:: Int64Index([ 69,  70,  71,  82,  83,  84, 214, 232, 248, 276, 290, 293, 308,
            333, 360, 361, 362, 400, 402, 416, 455, 456, 457, 458, 490, 536,
            585, 598, 603, 615, 646, 663, 671, 702, 705, 707, 713, 726, 727,
            732, 733, 735, 739, 742, 744, 745, 748, 751, 752, 753, 756, 759,
            761, 762, 763, 764, 765, 766, 767, 768, 769, 770],
           dtype='int64')
05/13/2020 08:26:49:: base group:111
05/13/2020 08:26:49:: left tree :66
05/13/2020 08:26:49:: right tree:52
05/13/2020 08:26:49:: zero node name: 63:(b32==0) 
05/13/2020 08:26:49:: one node name: 64:(b32==1) 
05/13/2020 08:26:49:: add childs
05/13/2020 08:26:49:: sub group size is 66, smaller than 96
05/13/2020 08:26:49:: sub_group_rules: 
05/13/2020 08:26:49:: Int64Index([  4,   5,   6,  39,  72,  73,  75,  78,  79,  81, 107, 215, 233,
            282, 283, 295, 307, 326, 333, 363, 364, 392, 414, 415, 455, 456,
            457, 458, 491, 492, 511, 534, 541, 602, 646, 672, 673, 687, 702,
            705, 707, 721, 723, 727, 733, 735, 739, 740, 742, 743, 744, 750,
            752, 753, 759, 760, 761, 762, 763, 764, 765, 766, 767, 768, 769,
            770],
           dtype='int64')
05/13/2020 08:26:49:: sub group size is 52, smaller than 96
05/13/2020 08:26:49:: sub_group_rules: 
05/13/2020 08:26:49:: Int64Index([109, 292, 294, 365, 376, 378, 398, 422, 428, 476, 495, 521, 545,
            593, 616, 652, 680, 688, 695, 708, 713, 717, 724, 726, 728, 729,
            730, 731, 732, 734, 736, 737, 738, 741, 745, 746, 747, 748, 749,
            751, 754, 755, 756, 757, 758, 759, 760, 766, 767, 768, 769, 770],
           dtype='int64')
05/13/2020 08:26:50:: base group:157
05/13/2020 08:26:50:: left tree :99
05/13/2020 08:26:50:: right tree:98
05/13/2020 08:26:50:: zero node name: 65:(b44==0) 
05/13/2020 08:26:50:: one node name: 66:(b44==1) 
05/13/2020 08:26:50:: add childs
05/13/2020 08:26:50:: base group:99
05/13/2020 08:26:50:: left tree :76
05/13/2020 08:26:50:: right tree:74
05/13/2020 08:26:50:: zero node name: 67:(b29==0) 
05/13/2020 08:26:50:: one node name: 68:(b29==1) 
05/13/2020 08:26:50:: add childs
05/13/2020 08:26:50:: sub group size is 76, smaller than 96
05/13/2020 08:26:50:: sub_group_rules: 
05/13/2020 08:26:50:: Int64Index([ 54,  55,  56,  57,  58,  64,  68, 192, 243, 244, 265, 336, 370,
            436, 451, 452, 454, 485, 486, 489, 496, 510, 584, 610, 618, 629,
            638, 641, 645, 667, 675, 677, 685, 724, 728, 729, 730, 731, 732,
            733, 734, 735, 736, 737, 738, 739, 740, 741, 742, 743, 744, 745,
            746, 747, 748, 749, 750, 751, 752, 753, 754, 755, 756, 757, 758,
            759, 760, 761, 763, 764, 765, 766, 767, 768, 769, 770],
           dtype='int64')
05/13/2020 08:26:50:: sub group size is 74, smaller than 96
05/13/2020 08:26:50:: sub_group_rules: 
05/13/2020 08:26:50:: Int64Index([  3,  59,  60,  62,  65,  66,  67, 240, 245, 305, 306, 336, 353,
            436, 451, 452, 454, 487, 488, 505, 526, 529, 531, 533, 601, 605,
            612, 613, 638, 645, 685, 724, 728, 729, 730, 731, 732, 733, 734,
            735, 736, 737, 738, 739, 740, 741, 742, 743, 744, 745, 746, 747,
            748, 749, 750, 751, 752, 753, 754, 755, 756, 757, 758, 759, 760,
            761, 763, 764, 765, 766, 767, 768, 769, 770],
           dtype='int64')
05/13/2020 08:26:50:: base group:98
05/13/2020 08:26:50:: left tree :61
05/13/2020 08:26:50:: right tree:61
05/13/2020 08:26:50:: zero node name: 69:(b36==0) 
05/13/2020 08:26:50:: one node name: 70:(b36==1) 
05/13/2020 08:26:50:: add childs
05/13/2020 08:26:50:: sub group size is 61, smaller than 96
05/13/2020 08:26:50:: sub_group_rules: 
05/13/2020 08:26:50:: Int64Index([ 61,  63,  74,  80,  89,  97, 200, 241, 246, 264, 278, 339, 437,
            527, 535, 554, 556, 557, 558, 606, 609, 622, 644, 708, 713, 717,
            726, 728, 729, 730, 731, 732, 734, 738, 739, 740, 742, 743, 744,
            745, 746, 747, 748, 749, 750, 751, 752, 753, 754, 755, 756, 757,
            758, 759, 760, 764, 766, 767, 768, 769, 770],
           dtype='int64')
05/13/2020 08:26:50:: sub group size is 61, smaller than 96
05/13/2020 08:26:50:: sub_group_rules: 
05/13/2020 08:26:50:: Int64Index([ 37, 351, 352, 366, 367, 369, 377, 385, 387, 394, 395, 396, 397,
            403, 404, 417, 418, 419, 430, 512, 664, 674, 683, 691, 694, 697,
            707, 721, 723, 727, 733, 735, 736, 737, 741, 742, 743, 744, 745,
            746, 747, 748, 749, 750, 751, 752, 753, 754, 755, 756, 757, 758,
            759, 760, 762, 765, 766, 767, 768, 769, 770],
           dtype='int64')
05/13/2020 08:26:50:: base group:404
05/13/2020 08:26:50:: left tree :267
05/13/2020 08:26:50:: right tree:267
05/13/2020 08:26:50:: zero node name: 71:(b56==0) 
05/13/2020 08:26:50:: one node name: 72:(b56==1) 
05/13/2020 08:26:50:: add childs
05/13/2020 08:26:50:: base group:267
05/13/2020 08:26:50:: left tree :146
05/13/2020 08:26:50:: right tree:141
05/13/2020 08:26:50:: zero node name: 73:(b35==0) 
05/13/2020 08:26:50:: one node name: 74:(b35==1) 
05/13/2020 08:26:50:: add childs
05/13/2020 08:26:50:: base group:146
05/13/2020 08:26:50:: left tree :95
05/13/2020 08:26:50:: right tree:86
05/13/2020 08:26:50:: zero node name: 75:(b51==0) 
05/13/2020 08:26:50:: one node name: 76:(b51==1) 
05/13/2020 08:26:50:: add childs
05/13/2020 08:26:50:: sub group size is 95, smaller than 96
05/13/2020 08:26:50:: sub_group_rules: 
05/13/2020 08:26:50:: Int64Index([ 20,  22,  23,  24,  25,  26, 142, 143, 144, 146, 147, 148, 149,
            150, 152, 153, 154, 155, 158, 159, 160, 161, 162, 205, 206, 220,
            234, 256, 275, 302, 313, 323, 340, 341, 356, 374, 375, 405, 427,
            439, 469, 498, 499, 506, 566, 569, 587, 588, 591, 596, 604, 626,
            627, 628, 656, 657, 665, 666, 679, 690, 709, 714, 716, 720, 722,
            725, 730, 731, 734, 736, 738, 741, 742, 743, 744, 746, 748, 749,
            750, 751, 752, 753, 754, 755, 756, 757, 758, 759, 760, 764, 766,
            767, 768, 769, 770],
           dtype='int64')
05/13/2020 08:26:50:: sub group size is 86, smaller than 96
05/13/2020 08:26:50:: sub_group_rules: 
05/13/2020 08:26:50:: Int64Index([132, 134, 135, 136, 137, 140, 173, 230, 268, 320, 327, 350, 355,
            358, 368, 381, 383, 386, 388, 389, 393, 399, 407, 408, 420, 426,
            431, 432, 433, 435, 450, 479, 502, 560, 562, 567, 579, 611, 614,
            623, 630, 632, 634, 654, 658, 682, 692, 693, 698, 704, 706, 709,
            714, 716, 720, 722, 725, 730, 731, 734, 736, 738, 741, 742, 743,
            744, 746, 748, 749, 750, 751, 752, 753, 754, 755, 756, 757, 758,
            759, 760, 764, 766, 767, 768, 769, 770],
           dtype='int64')
05/13/2020 08:26:50:: base group:141
05/13/2020 08:26:50:: left tree :86
05/13/2020 08:26:50:: right tree:89
05/13/2020 08:26:50:: zero node name: 77:(b47==0) 
05/13/2020 08:26:50:: one node name: 78:(b47==1) 
05/13/2020 08:26:50:: add childs
05/13/2020 08:26:50:: sub group size is 86, smaller than 96
05/13/2020 08:26:50:: sub_group_rules: 
05/13/2020 08:26:50:: Int64Index([ 19,  36, 108, 123, 125, 128, 145, 151, 156, 157, 189, 193, 251,
            252, 253, 281, 285, 301, 312, 325, 344, 371, 382, 384, 390, 406,
            421, 423, 429, 434, 442, 449, 475, 482, 544, 549, 550, 563, 564,
            575, 583, 589, 595, 624, 635, 636, 640, 649, 678, 711, 712, 719,
            728, 729, 732, 733, 735, 737, 739, 740, 742, 743, 745, 747, 748,
            749, 750, 751, 752, 753, 754, 755, 756, 757, 758, 759, 760, 761,
            762, 763, 765, 766, 767, 768, 769, 770],
           dtype='int64')
05/13/2020 08:26:50:: sub group size is 89, smaller than 96
05/13/2020 08:26:50:: sub_group_rules: 
05/13/2020 08:26:50:: Int64Index([  1,   2,  16,  18,  42,  43,  44,  92, 115, 116, 117, 122, 131,
            197, 227, 238, 239, 277, 288, 338, 354, 359, 372, 373, 391, 401,
            411, 412, 413, 424, 465, 468, 477, 513, 514, 552, 553, 581, 599,
            600, 607, 608, 617, 621, 642, 653, 669, 670, 676, 684, 689, 700,
            710, 715, 718, 728, 729, 732, 733, 735, 737, 739, 740, 742, 743,
            745, 747, 748, 749, 750, 751, 752, 753, 754, 755, 756, 757, 758,
            759, 760, 761, 762, 763, 765, 766, 767, 768, 769, 770],
           dtype='int64')
05/13/2020 08:26:51:: base group:267
05/13/2020 08:26:51:: left tree :202
05/13/2020 08:26:51:: right tree:211
05/13/2020 08:26:51:: zero node name: 79:(b63==0) 
05/13/2020 08:26:51:: one node name: 80:(b63==1) 
05/13/2020 08:26:51:: add childs
05/13/2020 08:26:51:: base group:202
05/13/2020 08:26:51:: left tree :126
05/13/2020 08:26:51:: right tree:131
05/13/2020 08:26:51:: zero node name: 81:(b50==0) 
05/13/2020 08:26:51:: one node name: 82:(b50==1) 
05/13/2020 08:26:51:: add childs
05/13/2020 08:26:51:: base group:126
05/13/2020 08:26:51:: left tree :93
05/13/2020 08:26:51:: right tree:95
05/13/2020 08:26:51:: zero node name: 83:(b28==0) 
05/13/2020 08:26:51:: one node name: 84:(b28==1) 
05/13/2020 08:26:51:: add childs
05/13/2020 08:26:51:: sub group size is 93, smaller than 96
05/13/2020 08:26:51:: sub_group_rules: 
05/13/2020 08:26:51:: Int64Index([ 21, 138, 322, 328, 335, 355, 356, 371, 374, 375, 382, 384, 390,
            405, 406, 407, 426, 427, 434, 518, 600, 604, 617, 623, 624, 626,
            635, 637, 643, 665, 666, 669, 676, 689, 690, 699, 701, 703, 709,
            710, 711, 712, 714, 715, 716, 718, 719, 720, 722, 725, 728, 729,
            730, 731, 732, 733, 734, 735, 736, 737, 738, 739, 740, 741, 742,
            743, 744, 745, 746, 747, 748, 749, 750, 751, 752, 753, 754, 755,
            756, 757, 758, 759, 760, 761, 762, 763, 764, 765, 766, 767, 768,
            769, 770],
           dtype='int64')
05/13/2020 08:26:51:: sub group size is 95, smaller than 96
05/13/2020 08:26:51:: sub_group_rules: 
05/13/2020 08:26:51:: Int64Index([ 47,  49,  50,  52,  53, 126, 127, 198, 210, 213, 223, 242, 291,
            328, 335, 359, 373, 401, 412, 413, 421, 424, 429, 517, 520, 522,
            523, 524, 555, 608, 621, 627, 628, 637, 643, 678, 679, 699, 701,
            703, 709, 710, 711, 712, 714, 715, 716, 718, 719, 720, 722, 725,
            728, 729, 730, 731, 732, 733, 734, 735, 736, 737, 738, 739, 740,
            741, 742, 743, 744, 745, 746, 747, 748, 749, 750, 751, 752, 753,
            754, 755, 756, 757, 758, 759, 760, 761, 762, 763, 764, 765, 766,
            767, 768, 769, 770],
           dtype='int64')
05/13/2020 08:26:51:: base group:131
05/13/2020 08:26:51:: left tree :81
05/13/2020 08:26:51:: right tree:105
05/13/2020 08:26:51:: zero node name: 85:(b53==0) 
05/13/2020 08:26:51:: one node name: 86:(b53==1) 
05/13/2020 08:26:51:: add childs
05/13/2020 08:26:51:: sub group size is 81, smaller than 96
05/13/2020 08:26:51:: sub_group_rules: 
05/13/2020 08:26:51:: Int64Index([211, 350, 354, 358, 368, 381, 383, 386, 388, 389, 393, 399, 408,
            411, 420, 423, 431, 432, 433, 435, 607, 670, 682, 692, 693, 698,
            709, 710, 711, 712, 714, 715, 716, 718, 719, 720, 722, 725, 728,
            729, 730, 731, 732, 733, 734, 735, 736, 737, 738, 739, 740, 741,
            742, 743, 744, 745, 746, 747, 748, 749, 750, 751, 752, 753, 754,
            755, 756, 757, 758, 759, 760, 761, 762, 763, 764, 765, 766, 767,
            768, 769, 770],
           dtype='int64')
05/13/2020 08:26:51:: base group:105
05/13/2020 08:26:51:: left tree :76
05/13/2020 08:26:51:: right tree:49
05/13/2020 08:26:51:: zero node name: 87:(b35==0) 
05/13/2020 08:26:51:: one node name: 88:(b35==1) 
05/13/2020 08:26:51:: add childs
05/13/2020 08:26:51:: sub group size is 76, smaller than 96
05/13/2020 08:26:51:: sub_group_rules: 
05/13/2020 08:26:51:: Int64Index([ 31, 174, 176, 177, 179, 180, 181, 208, 212, 221, 222, 224, 236,
            270, 271, 272, 284, 315, 346, 347, 348, 410, 447, 448, 453, 473,
            501, 503, 507, 508, 577, 582, 611, 614, 630, 632, 634, 660, 661,
            668, 706, 709, 714, 716, 720, 722, 725, 730, 731, 734, 736, 738,
            741, 742, 743, 744, 746, 748, 749, 750, 751, 752, 753, 754, 755,
            756, 757, 758, 759, 760, 764, 766, 767, 768, 769, 770],
           dtype='int64')
05/13/2020 08:26:51:: sub group size is 49, smaller than 96
05/13/2020 08:26:51:: sub_group_rules: 
05/13/2020 08:26:51:: Int64Index([  0, 129, 228, 372, 391, 542, 551, 599, 639, 710, 711, 712, 715,
            718, 719, 728, 729, 732, 733, 735, 737, 739, 740, 742, 743, 745,
            747, 748, 749, 750, 751, 752, 753, 754, 755, 756, 757, 758, 759,
            760, 761, 762, 763, 765, 766, 767, 768, 769, 770],
           dtype='int64')
05/13/2020 08:26:51:: base group:211
05/13/2020 08:26:51:: left tree :129
05/13/2020 08:26:51:: right tree:153
05/13/2020 08:26:51:: zero node name: 89:(b26==0) 
05/13/2020 08:26:51:: one node name: 90:(b26==1) 
05/13/2020 08:26:51:: add childs
05/13/2020 08:26:52:: base group:129
05/13/2020 08:26:52:: left tree :64
05/13/2020 08:26:52:: right tree:72
05/13/2020 08:26:52:: zero node name: 91:(b7==0) 
05/13/2020 08:26:52:: one node name: 92:(b7==1) 
05/13/2020 08:26:52:: add childs
05/13/2020 08:26:52:: sub group size is 64, smaller than 96
05/13/2020 08:26:52:: sub_group_rules: 
05/13/2020 08:26:52:: Int64Index([  8,  10,  48,  51,  76,  85,  94, 104, 201, 210, 213, 223, 224,
            247, 249, 267, 287, 296, 297, 334, 337, 368, 409, 413, 420, 448,
            453, 480, 519, 532, 537, 539, 600, 608, 614, 669, 706, 710, 711,
            712, 714, 732, 733, 735, 736, 739, 742, 744, 745, 748, 751, 752,
            753, 756, 759, 761, 762, 763, 764, 765, 767, 768, 769, 770],
           dtype='int64')
05/13/2020 08:26:52:: sub group size is 72, smaller than 96
05/13/2020 08:26:52:: sub_group_rules: 
05/13/2020 08:26:52:: Int64Index([ 11, 204, 211, 228, 332, 349, 354, 355, 371, 372, 373, 374, 405,
            406, 421, 423, 424, 426, 446, 473, 497, 561, 565, 604, 617, 621,
            623, 624, 662, 665, 668, 676, 678, 690, 699, 701, 703, 709, 715,
            716, 718, 719, 720, 722, 725, 728, 729, 730, 731, 734, 737, 738,
            740, 741, 743, 746, 747, 749, 750, 754, 755, 757, 758, 760, 761,
            762, 763, 764, 765, 766, 769, 770],
           dtype='int64')
05/13/2020 08:26:52:: base group:153
05/13/2020 08:26:52:: left tree :59
05/13/2020 08:26:52:: right tree:101
05/13/2020 08:26:52:: zero node name: 93:(b7==0) 
05/13/2020 08:26:52:: one node name: 94:(b7==1) 
05/13/2020 08:26:52:: add childs
05/13/2020 08:26:52:: sub group size is 59, smaller than 96
05/13/2020 08:26:52:: sub_group_rules: 
05/13/2020 08:26:52:: Int64Index([ 40,  41,  45,  46, 237, 289, 300, 304, 334, 337, 350, 359, 391,
            393, 401, 409, 411, 412, 448, 453, 480, 483, 484, 516, 528, 530,
            599, 607, 611, 670, 689, 706, 710, 711, 712, 714, 732, 733, 735,
            736, 739, 742, 744, 745, 748, 751, 752, 753, 756, 759, 761, 762,
            763, 764, 765, 767, 768, 769, 770],
           dtype='int64')
05/13/2020 08:26:52:: base group:101
05/13/2020 08:26:52:: left tree :58
05/13/2020 08:26:52:: right tree:78
05/13/2020 08:26:52:: zero node name: 95:(b53==0) 
05/13/2020 08:26:52:: one node name: 96:(b53==1) 
05/13/2020 08:26:52:: add childs
05/13/2020 08:26:52:: sub group size is 58, smaller than 96
05/13/2020 08:26:52:: sub_group_rules: 
05/13/2020 08:26:52:: Int64Index([356, 358, 375, 381, 383, 386, 388, 389, 399, 408, 427, 431, 432,
            433, 435, 446, 666, 679, 682, 692, 693, 698, 699, 709, 715, 716,
            718, 719, 720, 722, 725, 728, 729, 730, 731, 734, 737, 738, 740,
            741, 743, 746, 747, 749, 750, 754, 755, 757, 758, 760, 761, 762,
            763, 764, 765, 766, 769, 770],
           dtype='int64')
05/13/2020 08:26:52:: sub group size is 78, smaller than 96
05/13/2020 08:26:52:: sub_group_rules: 
05/13/2020 08:26:52:: Int64Index([ 33,  34,  35, 182, 183, 184, 186, 187, 188, 190, 191, 209, 212,
            221, 222, 260, 261, 262, 286, 316, 317, 332, 349, 382, 384, 390,
            407, 429, 434, 473, 504, 509, 626, 627, 628, 630, 632, 634, 635,
            662, 668, 701, 703, 709, 715, 716, 718, 719, 720, 722, 725, 728,
            729, 730, 731, 734, 737, 738, 740, 741, 743, 746, 747, 749, 750,
            754, 755, 757, 758, 760, 761, 762, 763, 764, 765, 766, 769, 770],
           dtype='int64')
05/13/2020 08:26:52:: Number of nodes: 57

05/13/2020 08:26:52:: Max depth: 6

05/13/2020 08:26:52:: longest path: ['root', '42:(b45==1) ', '72:(b56==1) ', '80:(b63==1) ', '90:(b26==1) ', '94:(b7==1) ', '96:(b53==1) ']

05/13/2020 08:26:52:: first bit gains: [0.9821301814337599, 0.9821301814337599, 0.9821301814337599, 0, 0, 0, 0.014423009534771686, 0.9827232633014499, 0.9816856825905067, 0.014472403908905905, 0, 0.9816856825905066, 0.9816856825905067, 0.9822885970947288, 0.9822885970947288, 0.9822885970947288, 0.9816856825905067, 0.9822885970947288, 0, 0.014472403908906268, 0, 0, 0, 0, 0.6395642008152442, 0.46474048968982906, 0.9932035659732628, 0.9917218323690651, 0.930586129131993, 0.9450448249081256, 0.7905531029514323, 0.9169567260822411, 0.99760611375511, 0.9997552075637235, 0.61838028643971, 0.9518204087005135, 0.9803531419522613, 0.9829971954100503, 0.9964351129905729, 0.6904285855304167, 0.9997718505698612, 0.5865984788473576, 0.3547467068195635, 0.9972646717857067, 0.9972646717857067, 0.9999510007759932, 0.9989326546260582, 0.9957038559877689, 0.9668403305456928, 0.776504213600988, 0.9840304711717017, 0.9296343371787996, 0.9909745836784183, 0.9922958320844479, 0.9527086261519159, 0.9996532977557252, 0.9359182260980337, 0.8982350806947923, 0.9946286080842497, 0.984006933500057, 0.7477570322984546, 0.9799478406131054, 0.9585780870901026, 0.9918752240921827]
05/13/2020 08:26:52:: root node 45
05/13/2020 08:26:52:: base group:771
05/13/2020 08:26:52:: left tree :410
05/13/2020 08:26:52:: right tree:404
05/13/2020 08:26:52:: zero node name: 97:(b45==0) 
05/13/2020 08:26:52:: one node name: 98:(b45==1) 
05/13/2020 08:26:52:: add childs
05/13/2020 08:26:52:: base group:410
05/13/2020 08:26:52:: left tree :279
05/13/2020 08:26:52:: right tree:265
05/13/2020 08:26:52:: zero node name: 99:(b57==0) 
05/13/2020 08:26:52:: one node name: 100:(b57==1) 
05/13/2020 08:26:52:: add childs
05/13/2020 08:26:53:: base group:279
05/13/2020 08:26:53:: left tree :190
05/13/2020 08:26:53:: right tree:176
05/13/2020 08:26:53:: zero node name: 101:(b27==0) 
05/13/2020 08:26:53:: one node name: 102:(b27==1) 
05/13/2020 08:26:53:: add childs
05/13/2020 08:26:53:: base group:190
05/13/2020 08:26:53:: left tree :95
05/13/2020 08:26:53:: right tree:102
05/13/2020 08:26:53:: zero node name: 103:(b7==0) 
05/13/2020 08:26:53:: one node name: 104:(b7==1) 
05/13/2020 08:26:53:: add childs
05/13/2020 08:26:53:: base group:95
05/13/2020 08:26:53:: left tree :85
05/13/2020 08:26:53:: right tree:58
05/13/2020 08:26:53:: zero node name: 105:(b59==0) 
05/13/2020 08:26:53:: one node name: 106:(b59==1) 
05/13/2020 08:26:53:: add childs
05/13/2020 08:26:53:: base group:85
05/13/2020 08:26:53:: left tree :76
05/13/2020 08:26:53:: right tree:44
05/13/2020 08:26:53:: zero node name: 107:(b29==0) 
05/13/2020 08:26:53:: one node name: 108:(b29==1) 
05/13/2020 08:26:53:: add childs
05/13/2020 08:26:54:: base group:76
05/13/2020 08:26:54:: left tree :71
05/13/2020 08:26:54:: right tree:42
05/13/2020 08:26:54:: zero node name: 109:(b30==0) 
05/13/2020 08:26:54:: one node name: 110:(b30==1) 
05/13/2020 08:26:54:: add childs
05/13/2020 08:26:54:: base group:71
05/13/2020 08:26:54:: left tree :63
05/13/2020 08:26:54:: right tree:15
05/13/2020 08:26:54:: zero node name: 111:(b33==0) 
05/13/2020 08:26:54:: one node name: 112:(b33==1) 
05/13/2020 08:26:54:: add childs
05/13/2020 08:26:54:: sub group size is 63, smaller than 64
05/13/2020 08:26:54:: sub_group_rules: 
05/13/2020 08:26:54:: Int64Index([  7,   9,  86,  87,  88,  90,  91,  93,  95,  96,  98,  99, 100,
            101, 102, 103, 105, 216, 217, 225, 250, 273, 298, 309, 310, 311,
            329, 330, 366, 367, 369, 414, 415, 478, 493, 538, 603, 615, 647,
            648, 664, 686, 702, 705, 707, 713, 726, 727, 732, 733, 735, 736,
            739, 742, 744, 752, 753, 756, 759, 767, 768, 769, 770],
           dtype='int64')
05/13/2020 08:26:54:: sub group size is 15, smaller than 64
05/13/2020 08:26:54:: sub_group_rules: 
05/13/2020 08:26:54:: Int64Index([745, 748, 751, 752, 756, 759, 761, 762, 763, 764, 765, 767, 768,
            769, 770],
           dtype='int64')
05/13/2020 08:26:54:: sub group size is 42, smaller than 64
05/13/2020 08:26:54:: sub_group_rules: 
05/13/2020 08:26:54:: Int64Index([199, 202, 329, 330, 362, 414, 415, 478, 586, 610, 647, 648, 686,
            702, 705, 707, 713, 726, 727, 732, 733, 735, 736, 739, 742, 744,
            745, 748, 751, 752, 753, 756, 759, 761, 762, 763, 764, 765, 767,
            768, 769, 770],
           dtype='int64')
05/13/2020 08:26:54:: sub group size is 44, smaller than 64
05/13/2020 08:26:54:: sub_group_rules: 
05/13/2020 08:26:54:: Int64Index([329, 330, 392, 400, 402, 403, 404, 419, 478, 647, 648, 672, 673,
            686, 694, 702, 705, 707, 713, 726, 727, 732, 733, 735, 736, 739,
            742, 744, 745, 748, 751, 752, 753, 756, 759, 761, 762, 763, 764,
            765, 767, 768, 769, 770],
           dtype='int64')
05/13/2020 08:26:54:: sub group size is 58, smaller than 64
05/13/2020 08:26:54:: sub_group_rules: 
05/13/2020 08:26:54:: Int64Index([ 38, 274, 362, 366, 367, 369, 392, 400, 402, 403, 404, 414, 415,
            419, 440, 441, 459, 460, 461, 462, 463, 578, 603, 610, 615, 664,
            672, 673, 694, 702, 705, 707, 713, 726, 727, 732, 733, 735, 736,
            739, 742, 744, 745, 748, 751, 752, 753, 756, 759, 761, 762, 763,
            764, 765, 767, 768, 769, 770],
           dtype='int64')
05/13/2020 08:26:54:: base group:102
05/13/2020 08:26:54:: left tree :63
05/13/2020 08:26:54:: right tree:63
05/13/2020 08:26:54:: zero node name: 113:(b43==0) 
05/13/2020 08:26:54:: one node name: 114:(b43==1) 
05/13/2020 08:26:54:: add childs
05/13/2020 08:26:54:: sub group size is 63, smaller than 64
05/13/2020 08:26:54:: sub_group_rules: 
05/13/2020 08:26:54:: Int64Index([ 30, 169, 171, 172, 219, 231, 235, 259, 266, 314, 331, 343, 345,
            353, 357, 379, 380, 425, 443, 445, 466, 470, 471, 472, 481, 500,
            573, 622, 625, 629, 651, 659, 681, 695, 696, 708, 717, 724, 728,
            729, 730, 731, 734, 737, 738, 740, 741, 743, 746, 747, 749, 750,
            754, 755, 757, 758, 760, 762, 764, 765, 766, 769, 770],
           dtype='int64')
05/13/2020 08:26:54:: sub group size is 63, smaller than 64
05/13/2020 08:26:54:: sub_group_rules: 
05/13/2020 08:26:54:: Int64Index([ 17,  32, 130, 133, 139, 141, 170, 175, 178, 185, 195, 196, 207,
            254, 269, 318, 342, 385, 387, 396, 430, 438, 444, 464, 467, 474,
            559, 574, 576, 631, 633, 650, 655, 683, 697, 721, 723, 728, 729,
            730, 731, 734, 737, 738, 740, 741, 743, 746, 747, 749, 750, 754,
            755, 757, 758, 760, 761, 763, 764, 765, 766, 769, 770],
           dtype='int64')
05/13/2020 08:26:54:: base group:176
05/13/2020 08:26:54:: left tree :132
05/13/2020 08:26:54:: right tree:131
05/13/2020 08:26:54:: zero node name: 115:(b26==0) 
05/13/2020 08:26:54:: one node name: 116:(b26==1) 
05/13/2020 08:26:54:: add childs
05/13/2020 08:26:54:: base group:132
05/13/2020 08:26:54:: left tree :69
05/13/2020 08:26:54:: right tree:70
05/13/2020 08:26:54:: zero node name: 117:(b32==0) 
05/13/2020 08:26:54:: one node name: 118:(b32==1) 
05/13/2020 08:26:54:: add childs
05/13/2020 08:26:54:: base group:69
05/13/2020 08:26:54:: left tree :62
05/13/2020 08:26:54:: right tree:63
05/13/2020 08:26:54:: zero node name: 119:(b31==0) 
05/13/2020 08:26:54:: one node name: 120:(b31==1) 
05/13/2020 08:26:54:: add childs
05/13/2020 08:26:54:: sub group size is 62, smaller than 64
05/13/2020 08:26:54:: sub_group_rules: 
05/13/2020 08:26:54:: Int64Index([ 12, 106, 218, 299, 329, 330, 342, 351, 394, 395, 417, 418, 438,
            440, 441, 444, 459, 460, 461, 462, 463, 464, 467, 474, 478, 594,
            601, 641, 647, 648, 650, 655, 667, 686, 702, 705, 707, 721, 723,
            727, 733, 735, 739, 740, 742, 743, 744, 750, 752, 753, 759, 760,
            761, 762, 763, 764, 765, 766, 767, 768, 769, 770],
           dtype='int64')
05/13/2020 08:26:54:: sub group size is 63, smaller than 64
05/13/2020 08:26:54:: sub_group_rules: 
05/13/2020 08:26:54:: Int64Index([329, 330, 342, 360, 361, 394, 395, 417, 418, 438, 440, 441, 444,
            459, 460, 461, 462, 463, 464, 467, 474, 478, 525, 547, 594, 602,
            641, 647, 648, 650, 655, 667, 671, 674, 686, 702, 705, 707, 721,
            723, 727, 733, 735, 739, 740, 742, 743, 744, 750, 752, 753, 759,
            760, 761, 762, 763, 764, 765, 766, 767, 768, 769, 770],
           dtype='int64')
05/13/2020 08:26:55:: base group:70
05/13/2020 08:26:55:: left tree :57
05/13/2020 08:26:55:: right tree:57
05/13/2020 08:26:55:: zero node name: 121:(b59==0) 
05/13/2020 08:26:55:: one node name: 122:(b59==1) 
05/13/2020 08:26:55:: add childs
05/13/2020 08:26:55:: sub group size is 57, smaller than 64
05/13/2020 08:26:55:: sub_group_rules: 
05/13/2020 08:26:55:: Int64Index([ 77, 110, 111, 112, 119, 319, 331, 343, 345, 352, 365, 370, 422,
            481, 546, 609, 616, 618, 619, 620, 651, 659, 675, 677, 708, 713,
            717, 724, 726, 728, 729, 730, 731, 732, 734, 736, 737, 738, 741,
            745, 746, 747, 748, 749, 751, 754, 755, 756, 757, 758, 759, 760,
            766, 767, 768, 769, 770],
           dtype='int64')
05/13/2020 08:26:55:: sub group size is 57, smaller than 64
05/13/2020 08:26:55:: sub_group_rules: 
05/13/2020 08:26:55:: Int64Index([ 14,  15, 114, 124, 352, 365, 370, 422, 443, 445, 466, 470, 471,
            472, 494, 540, 543, 609, 616, 618, 619, 620, 675, 677, 708, 713,
            717, 724, 726, 728, 729, 730, 731, 732, 734, 736, 737, 738, 741,
            745, 746, 747, 748, 749, 751, 754, 755, 756, 757, 758, 759, 760,
            766, 767, 768, 769, 770],
           dtype='int64')
05/13/2020 08:26:55:: base group:131
05/13/2020 08:26:55:: left tree :69
05/13/2020 08:26:55:: right tree:69
05/13/2020 08:26:55:: zero node name: 123:(b32==0) 
05/13/2020 08:26:55:: one node name: 124:(b32==1) 
05/13/2020 08:26:55:: add childs
05/13/2020 08:26:55:: base group:69
05/13/2020 08:26:55:: left tree :35
05/13/2020 08:26:55:: right tree:44
05/13/2020 08:26:55:: zero node name: 125:(b8==0) 
05/13/2020 08:26:55:: one node name: 126:(b8==1) 
05/13/2020 08:26:55:: add childs
05/13/2020 08:26:55:: sub group size is 35, smaller than 64
05/13/2020 08:26:55:: sub_group_rules: 
05/13/2020 08:26:55:: Int64Index([163, 166, 167, 194, 229, 342, 377, 397, 438, 444, 464, 467, 474,
            568, 570, 572, 650, 655, 691, 721, 723, 740, 743, 750, 760, 761,
            762, 763, 764, 765, 766, 767, 768, 769, 770],
           dtype='int64')
05/13/2020 08:26:55:: sub group size is 44, smaller than 64
05/13/2020 08:26:55:: sub_group_rules: 
05/13/2020 08:26:55:: Int64Index([329, 330, 363, 364, 440, 441, 459, 460, 461, 462, 463, 478, 515,
            592, 598, 606, 612, 613, 647, 648, 663, 686, 702, 705, 707, 727,
            733, 735, 739, 742, 744, 752, 753, 759, 761, 762, 763, 764, 765,
            766, 767, 768, 769, 770],
           dtype='int64')
05/13/2020 08:26:55:: base group:69
05/13/2020 08:26:55:: left tree :25
05/13/2020 08:26:55:: right tree:54
05/13/2020 08:26:55:: zero node name: 127:(b33==0) 
05/13/2020 08:26:55:: one node name: 128:(b33==1) 
05/13/2020 08:26:55:: add childs
05/13/2020 08:26:55:: sub group size is 25, smaller than 64
05/13/2020 08:26:55:: sub_group_rules: 
05/13/2020 08:26:55:: Int64Index([416, 466, 481, 651, 708, 713, 717, 726, 728, 729, 732, 736, 737,
            746, 749, 756, 757, 758, 759, 760, 766, 767, 768, 769, 770],
           dtype='int64')
05/13/2020 08:26:55:: sub group size is 54, smaller than 64
05/13/2020 08:26:55:: sub_group_rules: 
05/13/2020 08:26:55:: Int64Index([ 27,  28,  29, 164, 165, 168, 257, 258, 279, 280, 303, 321, 324,
            331, 343, 345, 376, 378, 398, 428, 443, 445, 470, 471, 472, 571,
            580, 597, 605, 659, 680, 688, 724, 730, 731, 734, 738, 741, 745,
            747, 748, 751, 754, 755, 756, 757, 758, 759, 760, 766, 767, 768,
            769, 770],
           dtype='int64')
05/13/2020 08:26:55:: base group:265
05/13/2020 08:26:55:: left tree :160
05/13/2020 08:26:55:: right tree:157
05/13/2020 08:26:55:: zero node name: 129:(b53==0) 
05/13/2020 08:26:55:: one node name: 130:(b53==1) 
05/13/2020 08:26:55:: add childs
05/13/2020 08:26:56:: base group:160
05/13/2020 08:26:56:: left tree :112
05/13/2020 08:26:56:: right tree:111
05/13/2020 08:26:56:: zero node name: 131:(b28==0) 
05/13/2020 08:26:56:: one node name: 132:(b28==1) 
05/13/2020 08:26:56:: add childs
05/13/2020 08:26:56:: base group:112
05/13/2020 08:26:56:: left tree :60
05/13/2020 08:26:56:: right tree:62
05/13/2020 08:26:56:: zero node name: 133:(b8==0) 
05/13/2020 08:26:56:: one node name: 134:(b8==1) 
05/13/2020 08:26:56:: add childs
05/13/2020 08:26:56:: sub group size is 60, smaller than 64
05/13/2020 08:26:56:: sub_group_rules: 
05/13/2020 08:26:56:: Int64Index([ 13, 113, 118, 120, 121, 203, 226, 255, 263, 357, 379, 380, 425,
            476, 548, 590, 619, 620, 625, 631, 633, 652, 681, 687, 696, 708,
            717, 721, 723, 724, 728, 729, 730, 731, 734, 736, 737, 738, 740,
            741, 743, 746, 747, 749, 750, 754, 755, 757, 758, 760, 761, 762,
            763, 764, 765, 766, 767, 768, 769, 770],
           dtype='int64')
05/13/2020 08:26:56:: sub group size is 62, smaller than 64
05/13/2020 08:26:56:: sub_group_rules: 
05/13/2020 08:26:56:: Int64Index([ 69,  70,  71,  82,  83,  84, 214, 232, 248, 276, 290, 293, 308,
            333, 360, 361, 362, 400, 402, 416, 455, 456, 457, 458, 490, 536,
            585, 598, 603, 615, 646, 663, 671, 702, 705, 707, 713, 726, 727,
            732, 733, 735, 739, 742, 744, 745, 748, 751, 752, 753, 756, 759,
            761, 762, 763, 764, 765, 766, 767, 768, 769, 770],
           dtype='int64')
05/13/2020 08:26:56:: base group:111
05/13/2020 08:26:56:: left tree :66
05/13/2020 08:26:56:: right tree:52
05/13/2020 08:26:56:: zero node name: 135:(b32==0) 
05/13/2020 08:26:56:: one node name: 136:(b32==1) 
05/13/2020 08:26:56:: add childs
05/13/2020 08:26:56:: base group:66
05/13/2020 08:26:56:: left tree :39
05/13/2020 08:26:56:: right tree:53
05/13/2020 08:26:56:: zero node name: 137:(b50==0) 
05/13/2020 08:26:56:: one node name: 138:(b50==1) 
05/13/2020 08:26:56:: add childs
05/13/2020 08:26:56:: sub group size is 39, smaller than 64
05/13/2020 08:26:56:: sub_group_rules: 
05/13/2020 08:26:56:: Int64Index([ 39, 107, 333, 363, 364, 392, 414, 415, 511, 541, 672, 673, 687,
            707, 721, 723, 727, 733, 735, 739, 740, 742, 743, 744, 750, 752,
            753, 759, 760, 761, 762, 763, 764, 765, 766, 767, 768, 769, 770],
           dtype='int64')
05/13/2020 08:26:56:: sub group size is 53, smaller than 64
05/13/2020 08:26:56:: sub_group_rules: 
05/13/2020 08:26:56:: Int64Index([  4,   5,   6,  72,  73,  75,  78,  79,  81, 215, 233, 282, 283,
            295, 307, 326, 455, 456, 457, 458, 491, 492, 534, 602, 646, 702,
            705, 707, 721, 723, 727, 733, 735, 739, 740, 742, 743, 744, 750,
            752, 753, 759, 760, 761, 762, 763, 764, 765, 766, 767, 768, 769,
            770],
           dtype='int64')
05/13/2020 08:26:56:: sub group size is 52, smaller than 64
05/13/2020 08:26:56:: sub_group_rules: 
05/13/2020 08:26:56:: Int64Index([109, 292, 294, 365, 376, 378, 398, 422, 428, 476, 495, 521, 545,
            593, 616, 652, 680, 688, 695, 708, 713, 717, 724, 726, 728, 729,
            730, 731, 732, 734, 736, 737, 738, 741, 745, 746, 747, 748, 749,
            751, 754, 755, 756, 757, 758, 759, 760, 766, 767, 768, 769, 770],
           dtype='int64')
05/13/2020 08:26:56:: base group:157
05/13/2020 08:26:56:: left tree :99
05/13/2020 08:26:56:: right tree:98
05/13/2020 08:26:56:: zero node name: 139:(b44==0) 
05/13/2020 08:26:56:: one node name: 140:(b44==1) 
05/13/2020 08:26:56:: add childs
05/13/2020 08:26:56:: base group:99
05/13/2020 08:26:56:: left tree :76
05/13/2020 08:26:56:: right tree:74
05/13/2020 08:26:56:: zero node name: 141:(b29==0) 
05/13/2020 08:26:56:: one node name: 142:(b29==1) 
05/13/2020 08:26:56:: add childs
05/13/2020 08:26:57:: base group:76
05/13/2020 08:26:57:: left tree :65
05/13/2020 08:26:57:: right tree:65
05/13/2020 08:26:57:: zero node name: 143:(b60==0) 
05/13/2020 08:26:57:: one node name: 144:(b60==1) 
05/13/2020 08:26:57:: add childs
05/13/2020 08:26:57:: base group:65
05/13/2020 08:26:57:: left tree :36
05/13/2020 08:26:57:: right tree:36
05/13/2020 08:26:57:: zero node name: 145:(b32==0) 
05/13/2020 08:26:57:: one node name: 146:(b32==1) 
05/13/2020 08:26:57:: add childs
05/13/2020 08:26:57:: sub group size is 36, smaller than 64
05/13/2020 08:26:57:: sub_group_rules: 
05/13/2020 08:26:57:: Int64Index([ 64,  68, 192, 436, 451, 452, 454, 489, 510, 584, 610, 638, 641,
            667, 685, 733, 735, 739, 740, 742, 743, 744, 750, 752, 753, 759,
            760, 761, 763, 764, 765, 766, 767, 768, 769, 770],
           dtype='int64')
05/13/2020 08:26:57:: sub group size is 36, smaller than 64
05/13/2020 08:26:57:: sub_group_rules: 
05/13/2020 08:26:57:: Int64Index([370, 485, 496, 618, 629, 675, 677, 724, 728, 729, 730, 731, 732,
            734, 736, 737, 738, 741, 745, 746, 747, 748, 749, 751, 754, 755,
            756, 757, 758, 759, 760, 766, 767, 768, 769, 770],
           dtype='int64')
05/13/2020 08:26:57:: base group:65
05/13/2020 08:26:57:: left tree :38
05/13/2020 08:26:57:: right tree:34
05/13/2020 08:26:57:: zero node name: 147:(b32==0) 
05/13/2020 08:26:57:: one node name: 148:(b32==1) 
05/13/2020 08:26:57:: add childs
05/13/2020 08:26:57:: sub group size is 38, smaller than 64
05/13/2020 08:26:57:: sub_group_rules: 
05/13/2020 08:26:57:: Int64Index([ 54,  55,  56,  57,  58, 243, 244, 265, 336, 451, 452, 454, 486,
            610, 641, 645, 667, 733, 735, 739, 740, 742, 743, 744, 750, 752,
            753, 759, 760, 761, 763, 764, 765, 766, 767, 768, 769, 770],
           dtype='int64')
05/13/2020 08:26:57:: sub group size is 34, smaller than 64
05/13/2020 08:26:57:: sub_group_rules: 
05/13/2020 08:26:57:: Int64Index([370, 618, 629, 675, 677, 724, 728, 729, 730, 731, 732, 734, 736,
            737, 738, 741, 745, 746, 747, 748, 749, 751, 754, 755, 756, 757,
            758, 759, 760, 766, 767, 768, 769, 770],
           dtype='int64')
05/13/2020 08:26:57:: base group:74
05/13/2020 08:26:57:: left tree :64
05/13/2020 08:26:57:: right tree:61
05/13/2020 08:26:57:: zero node name: 149:(b25==0) 
05/13/2020 08:26:57:: one node name: 150:(b25==1) 
05/13/2020 08:26:57:: add childs
05/13/2020 08:26:57:: sub group size is 64, smaller than 64
05/13/2020 08:26:57:: sub_group_rules: 
05/13/2020 08:26:57:: Int64Index([  3,  59,  60,  62, 245, 336, 436, 451, 452, 454, 487, 488, 505,
            526, 529, 531, 612, 613, 638, 645, 685, 724, 728, 729, 730, 731,
            732, 733, 734, 735, 736, 737, 738, 739, 740, 741, 742, 743, 744,
            745, 746, 747, 748, 749, 750, 751, 752, 753, 754, 755, 756, 757,
            758, 759, 760, 761, 763, 764, 765, 766, 767, 768, 769, 770],
           dtype='int64')
05/13/2020 08:26:57:: sub group size is 61, smaller than 64
05/13/2020 08:26:57:: sub_group_rules: 
05/13/2020 08:26:57:: Int64Index([ 65,  66,  67, 240, 305, 306, 336, 353, 436, 451, 452, 454, 533,
            601, 605, 638, 645, 685, 724, 728, 729, 730, 731, 732, 733, 734,
            735, 736, 737, 738, 739, 740, 741, 742, 743, 744, 745, 746, 747,
            748, 749, 750, 751, 752, 753, 754, 755, 756, 757, 758, 759, 760,
            761, 763, 764, 765, 766, 767, 768, 769, 770],
           dtype='int64')
05/13/2020 08:26:57:: base group:98
05/13/2020 08:26:57:: left tree :61
05/13/2020 08:26:57:: right tree:61
05/13/2020 08:26:57:: zero node name: 151:(b36==0) 
05/13/2020 08:26:57:: one node name: 152:(b36==1) 
05/13/2020 08:26:57:: add childs
05/13/2020 08:26:57:: sub group size is 61, smaller than 64
05/13/2020 08:26:57:: sub_group_rules: 
05/13/2020 08:26:57:: Int64Index([ 61,  63,  74,  80,  89,  97, 200, 241, 246, 264, 278, 339, 437,
            527, 535, 554, 556, 557, 558, 606, 609, 622, 644, 708, 713, 717,
            726, 728, 729, 730, 731, 732, 734, 738, 739, 740, 742, 743, 744,
            745, 746, 747, 748, 749, 750, 751, 752, 753, 754, 755, 756, 757,
            758, 759, 760, 764, 766, 767, 768, 769, 770],
           dtype='int64')
05/13/2020 08:26:57:: sub group size is 61, smaller than 64
05/13/2020 08:26:57:: sub_group_rules: 
05/13/2020 08:26:57:: Int64Index([ 37, 351, 352, 366, 367, 369, 377, 385, 387, 394, 395, 396, 397,
            403, 404, 417, 418, 419, 430, 512, 664, 674, 683, 691, 694, 697,
            707, 721, 723, 727, 733, 735, 736, 737, 741, 742, 743, 744, 745,
            746, 747, 748, 749, 750, 751, 752, 753, 754, 755, 756, 757, 758,
            759, 760, 762, 765, 766, 767, 768, 769, 770],
           dtype='int64')
05/13/2020 08:26:57:: base group:404
05/13/2020 08:26:57:: left tree :267
05/13/2020 08:26:57:: right tree:267
05/13/2020 08:26:57:: zero node name: 153:(b56==0) 
05/13/2020 08:26:57:: one node name: 154:(b56==1) 
05/13/2020 08:26:57:: add childs
05/13/2020 08:26:57:: base group:267
05/13/2020 08:26:57:: left tree :146
05/13/2020 08:26:57:: right tree:141
05/13/2020 08:26:57:: zero node name: 155:(b35==0) 
05/13/2020 08:26:57:: one node name: 156:(b35==1) 
05/13/2020 08:26:57:: add childs
05/13/2020 08:26:57:: base group:146
05/13/2020 08:26:57:: left tree :95
05/13/2020 08:26:57:: right tree:86
05/13/2020 08:26:57:: zero node name: 157:(b51==0) 
05/13/2020 08:26:57:: one node name: 158:(b51==1) 
05/13/2020 08:26:57:: add childs
05/13/2020 08:26:58:: base group:95
05/13/2020 08:26:58:: left tree :74
05/13/2020 08:26:58:: right tree:65
05/13/2020 08:26:58:: zero node name: 159:(b30==0) 
05/13/2020 08:26:58:: one node name: 160:(b30==1) 
05/13/2020 08:26:58:: add childs
05/13/2020 08:26:58:: base group:74
05/13/2020 08:26:58:: left tree :59
05/13/2020 08:26:58:: right tree:56
05/13/2020 08:26:58:: zero node name: 161:(b26==0) 
05/13/2020 08:26:58:: one node name: 162:(b26==1) 
05/13/2020 08:26:58:: add childs
05/13/2020 08:26:58:: sub group size is 59, smaller than 64
05/13/2020 08:26:58:: sub_group_rules: 
05/13/2020 08:26:58:: Int64Index([ 20,  22,  23, 142, 143, 144, 146, 147, 148, 149, 220, 256, 275,
            340, 341, 374, 405, 439, 469, 498, 604, 656, 657, 665, 709, 714,
            716, 720, 722, 725, 730, 731, 734, 736, 738, 741, 742, 743, 744,
            746, 748, 749, 750, 751, 752, 753, 754, 755, 756, 757, 758, 759,
            760, 764, 766, 767, 768, 769, 770],
           dtype='int64')
05/13/2020 08:26:58:: sub group size is 56, smaller than 64
05/13/2020 08:26:58:: sub_group_rules: 
05/13/2020 08:26:58:: Int64Index([ 25,  26, 159, 160, 161, 162, 206, 234, 323, 340, 341, 427, 439,
            469, 569, 596, 627, 628, 656, 657, 679, 709, 714, 716, 720, 722,
            725, 730, 731, 734, 736, 738, 741, 742, 743, 744, 746, 748, 749,
            750, 751, 752, 753, 754, 755, 756, 757, 758, 759, 760, 764, 766,
            767, 768, 769, 770],
           dtype='int64')
05/13/2020 08:26:58:: base group:65
05/13/2020 08:26:58:: left tree :59
05/13/2020 08:26:58:: right tree:47
05/13/2020 08:26:58:: zero node name: 163:(b29==0) 
05/13/2020 08:26:58:: one node name: 164:(b29==1) 
05/13/2020 08:26:58:: add childs
05/13/2020 08:26:58:: sub group size is 59, smaller than 64
05/13/2020 08:26:58:: sub_group_rules: 
05/13/2020 08:26:58:: Int64Index([ 24, 150, 152, 153, 154, 155, 158, 302, 313, 340, 341, 356, 375,
            405, 439, 469, 499, 506, 566, 591, 626, 656, 657, 666, 709, 714,
            716, 720, 722, 725, 730, 731, 734, 736, 738, 741, 742, 743, 744,
            746, 748, 749, 750, 751, 752, 753, 754, 755, 756, 757, 758, 759,
            760, 764, 766, 767, 768, 769, 770],
           dtype='int64')
05/13/2020 08:26:58:: sub group size is 47, smaller than 64
05/13/2020 08:26:58:: sub_group_rules: 
05/13/2020 08:26:58:: Int64Index([205, 340, 341, 427, 439, 469, 587, 588, 596, 656, 657, 690, 709,
            714, 716, 720, 722, 725, 730, 731, 734, 736, 738, 741, 742, 743,
            744, 746, 748, 749, 750, 751, 752, 753, 754, 755, 756, 757, 758,
            759, 760, 764, 766, 767, 768, 769, 770],
           dtype='int64')
05/13/2020 08:26:58:: base group:86
05/13/2020 08:26:58:: left tree :62
05/13/2020 08:26:58:: right tree:59
05/13/2020 08:26:58:: zero node name: 165:(b53==0) 
05/13/2020 08:26:58:: one node name: 166:(b53==1) 
05/13/2020 08:26:58:: add childs
05/13/2020 08:26:58:: sub group size is 62, smaller than 64
05/13/2020 08:26:58:: sub_group_rules: 
05/13/2020 08:26:58:: Int64Index([173, 230, 350, 355, 358, 368, 381, 383, 386, 388, 389, 393, 399,
            408, 420, 426, 431, 432, 433, 435, 502, 567, 658, 682, 692, 693,
            698, 709, 714, 716, 720, 722, 725, 730, 731, 734, 736, 738, 741,
            742, 743, 744, 746, 748, 749, 750, 751, 752, 753, 754, 755, 756,
            757, 758, 759, 760, 764, 766, 767, 768, 769, 770],
           dtype='int64')
05/13/2020 08:26:58:: sub group size is 59, smaller than 64
05/13/2020 08:26:58:: sub_group_rules: 
05/13/2020 08:26:58:: Int64Index([132, 134, 135, 136, 137, 140, 268, 320, 327, 407, 450, 479, 560,
            562, 579, 611, 614, 623, 630, 632, 634, 654, 704, 706, 709, 714,
            716, 720, 722, 725, 730, 731, 734, 736, 738, 741, 742, 743, 744,
            746, 748, 749, 750, 751, 752, 753, 754, 755, 756, 757, 758, 759,
            760, 764, 766, 767, 768, 769, 770],
           dtype='int64')
05/13/2020 08:26:58:: base group:141
05/13/2020 08:26:58:: left tree :86
05/13/2020 08:26:58:: right tree:89
05/13/2020 08:26:58:: zero node name: 167:(b47==0) 
05/13/2020 08:26:58:: one node name: 168:(b47==1) 
05/13/2020 08:26:58:: add childs
05/13/2020 08:26:59:: base group:86
05/13/2020 08:26:59:: left tree :68
05/13/2020 08:26:59:: right tree:62
05/13/2020 08:26:59:: zero node name: 169:(b26==0) 
05/13/2020 08:26:59:: one node name: 170:(b26==1) 
05/13/2020 08:26:59:: add childs
05/13/2020 08:26:59:: base group:68
05/13/2020 08:26:59:: left tree :58
05/13/2020 08:26:59:: right tree:59
05/13/2020 08:26:59:: zero node name: 171:(b31==0) 
05/13/2020 08:26:59:: one node name: 172:(b31==1) 
05/13/2020 08:26:59:: add childs
05/13/2020 08:26:59:: sub group size is 58, smaller than 64
05/13/2020 08:26:59:: sub_group_rules: 
05/13/2020 08:26:59:: Int64Index([ 19, 108, 123, 193, 251, 252, 253, 301, 344, 371, 406, 421, 423,
            442, 449, 475, 544, 595, 636, 640, 649, 711, 712, 719, 728, 729,
            732, 733, 735, 737, 739, 740, 742, 743, 745, 747, 748, 749, 750,
            751, 752, 753, 754, 755, 756, 757, 758, 759, 760, 761, 762, 763,
            765, 766, 767, 768, 769, 770],
           dtype='int64')
05/13/2020 08:26:59:: sub group size is 59, smaller than 64
05/13/2020 08:26:59:: sub_group_rules: 
05/13/2020 08:26:59:: Int64Index([125, 128, 145, 193, 312, 344, 406, 421, 423, 442, 449, 475, 549,
            550, 563, 564, 595, 624, 636, 640, 649, 678, 711, 712, 719, 728,
            729, 732, 733, 735, 737, 739, 740, 742, 743, 745, 747, 748, 749,
            750, 751, 752, 753, 754, 755, 756, 757, 758, 759, 760, 761, 762,
            763, 765, 766, 767, 768, 769, 770],
           dtype='int64')
05/13/2020 08:26:59:: sub group size is 62, smaller than 64
05/13/2020 08:26:59:: sub_group_rules: 
05/13/2020 08:26:59:: Int64Index([ 36, 151, 156, 157, 189, 281, 285, 325, 344, 382, 384, 390, 429,
            434, 442, 449, 475, 482, 575, 583, 589, 635, 636, 640, 649, 711,
            712, 719, 728, 729, 732, 733, 735, 737, 739, 740, 742, 743, 745,
            747, 748, 749, 750, 751, 752, 753, 754, 755, 756, 757, 758, 759,
            760, 761, 762, 763, 765, 766, 767, 768, 769, 770],
           dtype='int64')
05/13/2020 08:26:59:: base group:89
05/13/2020 08:26:59:: left tree :60
05/13/2020 08:26:59:: right tree:60
05/13/2020 08:26:59:: zero node name: 173:(b44==0) 
05/13/2020 08:26:59:: one node name: 174:(b44==1) 
05/13/2020 08:26:59:: add childs
05/13/2020 08:26:59:: sub group size is 60, smaller than 64
05/13/2020 08:26:59:: sub_group_rules: 
05/13/2020 08:26:59:: Int64Index([  2,  16,  44,  92, 122, 197, 227, 338, 354, 359, 372, 401, 411,
            412, 413, 468, 477, 581, 599, 600, 608, 642, 653, 669, 670, 710,
            715, 728, 729, 732, 733, 735, 737, 739, 740, 742, 743, 745, 747,
            748, 749, 750, 751, 752, 753, 754, 755, 756, 757, 758, 759, 760,
            761, 763, 765, 766, 767, 768, 769, 770],
           dtype='int64')
05/13/2020 08:26:59:: sub group size is 60, smaller than 64
05/13/2020 08:26:59:: sub_group_rules: 
05/13/2020 08:26:59:: Int64Index([  1,  18,  42,  43, 115, 116, 117, 131, 238, 239, 277, 288, 373,
            391, 424, 465, 513, 514, 552, 553, 607, 617, 621, 676, 684, 689,
            700, 718, 728, 729, 732, 733, 735, 737, 739, 740, 742, 743, 745,
            747, 748, 749, 750, 751, 752, 753, 754, 755, 756, 757, 758, 759,
            760, 762, 765, 766, 767, 768, 769, 770],
           dtype='int64')
05/13/2020 08:26:59:: base group:267
05/13/2020 08:26:59:: left tree :202
05/13/2020 08:26:59:: right tree:211
05/13/2020 08:26:59:: zero node name: 175:(b63==0) 
05/13/2020 08:26:59:: one node name: 176:(b63==1) 
05/13/2020 08:26:59:: add childs
05/13/2020 08:26:59:: base group:202
05/13/2020 08:26:59:: left tree :126
05/13/2020 08:26:59:: right tree:131
05/13/2020 08:26:59:: zero node name: 177:(b50==0) 
05/13/2020 08:26:59:: one node name: 178:(b50==1) 
05/13/2020 08:26:59:: add childs
05/13/2020 08:26:59:: base group:126
05/13/2020 08:26:59:: left tree :93
05/13/2020 08:26:59:: right tree:95
05/13/2020 08:26:59:: zero node name: 179:(b28==0) 
05/13/2020 08:26:59:: one node name: 180:(b28==1) 
05/13/2020 08:26:59:: add childs
05/13/2020 08:26:59:: base group:93
05/13/2020 08:26:59:: left tree :62
05/13/2020 08:26:59:: right tree:62
05/13/2020 08:26:59:: zero node name: 181:(b38==0) 
05/13/2020 08:26:59:: one node name: 182:(b38==1) 
05/13/2020 08:26:59:: add childs
05/13/2020 08:26:59:: sub group size is 62, smaller than 64
05/13/2020 08:26:59:: sub_group_rules: 
05/13/2020 08:26:59:: Int64Index([ 21, 138, 322, 328, 335, 371, 382, 384, 390, 406, 407, 434, 518,
            600, 617, 624, 635, 637, 643, 676, 703, 716, 719, 729, 731, 732,
            734, 735, 736, 737, 738, 739, 740, 741, 742, 743, 744, 745, 746,
            747, 748, 749, 750, 751, 752, 753, 754, 755, 756, 757, 758, 759,
            760, 761, 762, 764, 765, 766, 767, 768, 769, 770],
           dtype='int64')
05/13/2020 08:26:59:: sub group size is 62, smaller than 64
05/13/2020 08:26:59:: sub_group_rules: 
05/13/2020 08:26:59:: Int64Index([355, 356, 374, 375, 405, 426, 427, 604, 623, 626, 665, 666, 669,
            689, 690, 699, 701, 709, 710, 711, 712, 714, 715, 718, 720, 722,
            725, 728, 730, 733, 735, 736, 737, 738, 739, 740, 741, 742, 743,
            744, 745, 746, 747, 748, 749, 750, 751, 752, 753, 754, 755, 756,
            757, 758, 759, 760, 763, 766, 767, 768, 769, 770],
           dtype='int64')
05/13/2020 08:27:00:: base group:95
05/13/2020 08:27:00:: left tree :51
05/13/2020 08:27:00:: right tree:51
05/13/2020 08:27:00:: zero node name: 183:(b0==0) 
05/13/2020 08:27:00:: one node name: 184:(b0==1) 
05/13/2020 08:27:00:: add childs
05/13/2020 08:27:00:: sub group size is 51, smaller than 64
05/13/2020 08:27:00:: sub_group_rules: 
05/13/2020 08:27:00:: Int64Index([126, 127, 373, 421, 424, 429, 555, 621, 627, 628, 678, 679, 699,
            701, 703, 709, 715, 716, 718, 719, 720, 722, 725, 728, 729, 730,
            731, 734, 736, 737, 738, 740, 741, 743, 746, 747, 749, 750, 754,
            755, 757, 758, 760, 761, 762, 763, 764, 765, 766, 769, 770],
           dtype='int64')
05/13/2020 08:27:00:: sub group size is 51, smaller than 64
05/13/2020 08:27:00:: sub_group_rules: 
05/13/2020 08:27:00:: Int64Index([ 47,  49,  50,  52,  53, 198, 210, 213, 223, 242, 291, 328, 335,
            359, 401, 412, 413, 517, 520, 522, 523, 524, 608, 637, 643, 710,
            711, 712, 714, 732, 733, 735, 739, 742, 744, 745, 748, 751, 752,
            753, 756, 759, 761, 762, 763, 764, 765, 767, 768, 769, 770],
           dtype='int64')
05/13/2020 08:27:00:: base group:131
05/13/2020 08:27:00:: left tree :81
05/13/2020 08:27:00:: right tree:105
05/13/2020 08:27:00:: zero node name: 185:(b53==0) 
05/13/2020 08:27:00:: one node name: 186:(b53==1) 
05/13/2020 08:27:00:: add childs
05/13/2020 08:27:00:: base group:81
05/13/2020 08:27:00:: left tree :68
05/13/2020 08:27:00:: right tree:68
05/13/2020 08:27:00:: zero node name: 187:(b29==0) 
05/13/2020 08:27:00:: one node name: 188:(b29==1) 
05/13/2020 08:27:00:: add childs
05/13/2020 08:27:00:: base group:68
05/13/2020 08:27:00:: left tree :67
05/13/2020 08:27:00:: right tree:67
05/13/2020 08:27:00:: zero node name: 189:(b55==0) 
05/13/2020 08:27:00:: one node name: 190:(b55==1) 
05/13/2020 08:27:00:: add childs
05/13/2020 08:27:00:: base group:67
05/13/2020 08:27:00:: left tree :45
05/13/2020 08:27:00:: right tree:42
05/13/2020 08:27:00:: zero node name: 191:(b35==0) 
05/13/2020 08:27:00:: one node name: 192:(b35==1) 
05/13/2020 08:27:00:: add childs
05/13/2020 08:27:00:: sub group size is 45, smaller than 64
05/13/2020 08:27:00:: sub_group_rules: 
05/13/2020 08:27:00:: Int64Index([358, 368, 381, 383, 386, 388, 389, 399, 682, 692, 709, 714, 716,
            720, 722, 725, 730, 731, 734, 736, 738, 741, 742, 743, 744, 746,
            748, 749, 750, 751, 752, 753, 754, 755, 756, 757, 758, 759, 760,
            764, 766, 767, 768, 769, 770],
           dtype='int64')
05/13/2020 08:27:00:: sub group size is 42, smaller than 64
05/13/2020 08:27:00:: sub_group_rules: 
05/13/2020 08:27:00:: Int64Index([211, 670, 710, 711, 712, 715, 718, 719, 728, 729, 732, 733, 735,
            737, 739, 740, 742, 743, 745, 747, 748, 749, 750, 751, 752, 753,
            754, 755, 756, 757, 758, 759, 760, 761, 762, 763, 765, 766, 767,
            768, 769, 770],
           dtype='int64')
05/13/2020 08:27:00:: base group:67
05/13/2020 08:27:00:: left tree :45
05/13/2020 08:27:00:: right tree:42
05/13/2020 08:27:00:: zero node name: 193:(b35==0) 
05/13/2020 08:27:00:: one node name: 194:(b35==1) 
05/13/2020 08:27:00:: add childs
05/13/2020 08:27:00:: sub group size is 45, smaller than 64
05/13/2020 08:27:00:: sub_group_rules: 
05/13/2020 08:27:00:: Int64Index([358, 368, 381, 383, 386, 388, 389, 399, 682, 692, 709, 714, 716,
            720, 722, 725, 730, 731, 734, 736, 738, 741, 742, 743, 744, 746,
            748, 749, 750, 751, 752, 753, 754, 755, 756, 757, 758, 759, 760,
            764, 766, 767, 768, 769, 770],
           dtype='int64')
05/13/2020 08:27:00:: sub group size is 42, smaller than 64
05/13/2020 08:27:00:: sub_group_rules: 
05/13/2020 08:27:00:: Int64Index([607, 670, 710, 711, 712, 715, 718, 719, 728, 729, 732, 733, 735,
            737, 739, 740, 742, 743, 745, 747, 748, 749, 750, 751, 752, 753,
            754, 755, 756, 757, 758, 759, 760, 761, 762, 763, 765, 766, 767,
            768, 769, 770],
           dtype='int64')
05/13/2020 08:27:01:: base group:68
05/13/2020 08:27:01:: left tree :67
05/13/2020 08:27:01:: right tree:67
05/13/2020 08:27:01:: zero node name: 195:(b31==0) 
05/13/2020 08:27:01:: one node name: 196:(b31==1) 
05/13/2020 08:27:01:: add childs
05/13/2020 08:27:01:: base group:67
05/13/2020 08:27:01:: left tree :45
05/13/2020 08:27:01:: right tree:42
05/13/2020 08:27:01:: zero node name: 197:(b35==0) 
05/13/2020 08:27:01:: one node name: 198:(b35==1) 
05/13/2020 08:27:01:: add childs
05/13/2020 08:27:01:: sub group size is 45, smaller than 64
05/13/2020 08:27:01:: sub_group_rules: 
05/13/2020 08:27:01:: Int64Index([350, 393, 408, 420, 431, 432, 433, 435, 693, 698, 709, 714, 716,
            720, 722, 725, 730, 731, 734, 736, 738, 741, 742, 743, 744, 746,
            748, 749, 750, 751, 752, 753, 754, 755, 756, 757, 758, 759, 760,
            764, 766, 767, 768, 769, 770],
           dtype='int64')
05/13/2020 08:27:01:: sub group size is 42, smaller than 64
05/13/2020 08:27:01:: sub_group_rules: 
05/13/2020 08:27:01:: Int64Index([411, 423, 710, 711, 712, 715, 718, 719, 728, 729, 732, 733, 735,
            737, 739, 740, 742, 743, 745, 747, 748, 749, 750, 751, 752, 753,
            754, 755, 756, 757, 758, 759, 760, 761, 762, 763, 765, 766, 767,
            768, 769, 770],
           dtype='int64')
05/13/2020 08:27:01:: base group:67
05/13/2020 08:27:01:: left tree :44
05/13/2020 08:27:01:: right tree:43
05/13/2020 08:27:01:: zero node name: 199:(b35==0) 
05/13/2020 08:27:01:: one node name: 200:(b35==1) 
05/13/2020 08:27:01:: add childs
05/13/2020 08:27:01:: sub group size is 44, smaller than 64
05/13/2020 08:27:01:: sub_group_rules: 
05/13/2020 08:27:01:: Int64Index([393, 408, 420, 431, 432, 433, 435, 693, 698, 709, 714, 716, 720,
            722, 725, 730, 731, 734, 736, 738, 741, 742, 743, 744, 746, 748,
            749, 750, 751, 752, 753, 754, 755, 756, 757, 758, 759, 760, 764,
            766, 767, 768, 769, 770],
           dtype='int64')
05/13/2020 08:27:01:: sub group size is 43, smaller than 64
05/13/2020 08:27:01:: sub_group_rules: 
05/13/2020 08:27:01:: Int64Index([354, 411, 423, 710, 711, 712, 715, 718, 719, 728, 729, 732, 733,
            735, 737, 739, 740, 742, 743, 745, 747, 748, 749, 750, 751, 752,
            753, 754, 755, 756, 757, 758, 759, 760, 761, 762, 763, 765, 766,
            767, 768, 769, 770],
           dtype='int64')
05/13/2020 08:27:01:: base group:105
05/13/2020 08:27:01:: left tree :76
05/13/2020 08:27:01:: right tree:49
05/13/2020 08:27:01:: zero node name: 201:(b35==0) 
05/13/2020 08:27:01:: one node name: 202:(b35==1) 
05/13/2020 08:27:01:: add childs
05/13/2020 08:27:01:: base group:76
05/13/2020 08:27:01:: left tree :59
05/13/2020 08:27:01:: right tree:67
05/13/2020 08:27:01:: zero node name: 203:(b31==0) 
05/13/2020 08:27:01:: one node name: 204:(b31==1) 
05/13/2020 08:27:01:: add childs
05/13/2020 08:27:01:: sub group size is 59, smaller than 64
05/13/2020 08:27:01:: sub_group_rules: 
05/13/2020 08:27:01:: Int64Index([ 31, 208, 221, 270, 284, 315, 346, 347, 348, 410, 447, 448, 453,
            473, 501, 507, 582, 611, 630, 632, 660, 661, 668, 706, 709, 714,
            716, 720, 722, 725, 730, 731, 734, 736, 738, 741, 742, 743, 744,
            746, 748, 749, 750, 751, 752, 753, 754, 755, 756, 757, 758, 759,
            760, 764, 766, 767, 768, 769, 770],
           dtype='int64')
05/13/2020 08:27:01:: base group:67
05/13/2020 08:27:01:: left tree :20
05/13/2020 08:27:01:: right tree:50
05/13/2020 08:27:01:: zero node name: 205:(b7==0) 
05/13/2020 08:27:01:: one node name: 206:(b7==1) 
05/13/2020 08:27:01:: add childs
05/13/2020 08:27:01:: sub group size is 20, smaller than 64
05/13/2020 08:27:01:: sub_group_rules: 
05/13/2020 08:27:01:: Int64Index([224, 448, 453, 614, 706, 714, 736, 742, 744, 748, 751, 752, 753,
            756, 759, 764, 767, 768, 769, 770],
           dtype='int64')
05/13/2020 08:27:01:: sub group size is 50, smaller than 64
05/13/2020 08:27:01:: sub_group_rules: 
05/13/2020 08:27:01:: Int64Index([174, 176, 177, 179, 180, 181, 208, 212, 222, 236, 271, 272, 284,
            346, 347, 348, 410, 447, 473, 503, 508, 577, 582, 634, 660, 661,
            668, 709, 716, 720, 722, 725, 730, 731, 734, 738, 741, 743, 746,
            749, 750, 754, 755, 757, 758, 760, 764, 766, 769, 770],
           dtype='int64')
05/13/2020 08:27:01:: sub group size is 49, smaller than 64
05/13/2020 08:27:01:: sub_group_rules: 
05/13/2020 08:27:01:: Int64Index([  0, 129, 228, 372, 391, 542, 551, 599, 639, 710, 711, 712, 715,
            718, 719, 728, 729, 732, 733, 735, 737, 739, 740, 742, 743, 745,
            747, 748, 749, 750, 751, 752, 753, 754, 755, 756, 757, 758, 759,
            760, 761, 762, 763, 765, 766, 767, 768, 769, 770],
           dtype='int64')
05/13/2020 08:27:02:: base group:211
05/13/2020 08:27:02:: left tree :129
05/13/2020 08:27:02:: right tree:153
05/13/2020 08:27:02:: zero node name: 207:(b26==0) 
05/13/2020 08:27:02:: one node name: 208:(b26==1) 
05/13/2020 08:27:02:: add childs
05/13/2020 08:27:02:: base group:129
05/13/2020 08:27:02:: left tree :64
05/13/2020 08:27:02:: right tree:72
05/13/2020 08:27:02:: zero node name: 209:(b7==0) 
05/13/2020 08:27:02:: one node name: 210:(b7==1) 
05/13/2020 08:27:02:: add childs
05/13/2020 08:27:02:: sub group size is 64, smaller than 64
05/13/2020 08:27:02:: sub_group_rules: 
05/13/2020 08:27:02:: Int64Index([  8,  10,  48,  51,  76,  85,  94, 104, 201, 210, 213, 223, 224,
            247, 249, 267, 287, 296, 297, 334, 337, 368, 409, 413, 420, 448,
            453, 480, 519, 532, 537, 539, 600, 608, 614, 669, 706, 710, 711,
            712, 714, 732, 733, 735, 736, 739, 742, 744, 745, 748, 751, 752,
            753, 756, 759, 761, 762, 763, 764, 765, 767, 768, 769, 770],
           dtype='int64')
05/13/2020 08:27:02:: base group:72
05/13/2020 08:27:02:: left tree :48
05/13/2020 08:27:02:: right tree:51
05/13/2020 08:27:02:: zero node name: 211:(b46==0) 
05/13/2020 08:27:02:: one node name: 212:(b46==1) 
05/13/2020 08:27:02:: add childs
05/13/2020 08:27:02:: sub group size is 48, smaller than 64
05/13/2020 08:27:02:: sub_group_rules: 
05/13/2020 08:27:02:: Int64Index([204, 354, 355, 371, 372, 374, 405, 406, 421, 423, 426, 565, 604,
            623, 624, 665, 690, 701, 703, 720, 722, 728, 729, 730, 731, 734,
            737, 738, 740, 741, 743, 746, 747, 749, 750, 754, 755, 757, 758,
            760, 761, 762, 763, 764, 765, 766, 769, 770],
           dtype='int64')
05/13/2020 08:27:02:: sub group size is 51, smaller than 64
05/13/2020 08:27:02:: sub_group_rules: 
05/13/2020 08:27:02:: Int64Index([ 11, 211, 228, 332, 349, 373, 424, 446, 473, 497, 561, 617, 621,
            662, 668, 676, 678, 699, 709, 715, 716, 718, 719, 725, 728, 729,
            730, 731, 734, 737, 738, 740, 741, 743, 746, 747, 749, 750, 754,
            755, 757, 758, 760, 761, 762, 763, 764, 765, 766, 769, 770],
           dtype='int64')
05/13/2020 08:27:02:: base group:153
05/13/2020 08:27:02:: left tree :59
05/13/2020 08:27:02:: right tree:101
05/13/2020 08:27:02:: zero node name: 213:(b7==0) 
05/13/2020 08:27:02:: one node name: 214:(b7==1) 
05/13/2020 08:27:02:: add childs
05/13/2020 08:27:02:: sub group size is 59, smaller than 64
05/13/2020 08:27:02:: sub_group_rules: 
05/13/2020 08:27:02:: Int64Index([ 40,  41,  45,  46, 237, 289, 300, 304, 334, 337, 350, 359, 391,
            393, 401, 409, 411, 412, 448, 453, 480, 483, 484, 516, 528, 530,
            599, 607, 611, 670, 689, 706, 710, 711, 712, 714, 732, 733, 735,
            736, 739, 742, 744, 745, 748, 751, 752, 753, 756, 759, 761, 762,
            763, 764, 765, 767, 768, 769, 770],
           dtype='int64')
05/13/2020 08:27:02:: base group:101
05/13/2020 08:27:02:: left tree :58
05/13/2020 08:27:02:: right tree:78
05/13/2020 08:27:02:: zero node name: 215:(b53==0) 
05/13/2020 08:27:02:: one node name: 216:(b53==1) 
05/13/2020 08:27:02:: add childs
05/13/2020 08:27:02:: sub group size is 58, smaller than 64
05/13/2020 08:27:02:: sub_group_rules: 
05/13/2020 08:27:02:: Int64Index([356, 358, 375, 381, 383, 386, 388, 389, 399, 408, 427, 431, 432,
            433, 435, 446, 666, 679, 682, 692, 693, 698, 699, 709, 715, 716,
            718, 719, 720, 722, 725, 728, 729, 730, 731, 734, 737, 738, 740,
            741, 743, 746, 747, 749, 750, 754, 755, 757, 758, 760, 761, 762,
            763, 764, 765, 766, 769, 770],
           dtype='int64')
05/13/2020 08:27:03:: base group:78
05/13/2020 08:27:03:: left tree :59
05/13/2020 08:27:03:: right tree:30
05/13/2020 08:27:03:: zero node name: 217:(b35==0) 
05/13/2020 08:27:03:: one node name: 218:(b35==1) 
05/13/2020 08:27:03:: add childs
05/13/2020 08:27:03:: sub group size is 59, smaller than 64
05/13/2020 08:27:03:: sub_group_rules: 
05/13/2020 08:27:03:: Int64Index([ 33,  34,  35, 182, 183, 184, 186, 187, 188, 190, 191, 209, 212,
            221, 222, 260, 261, 262, 286, 316, 317, 332, 349, 407, 473, 504,
            509, 626, 627, 628, 630, 632, 634, 662, 668, 701, 709, 716, 720,
            722, 725, 730, 731, 734, 738, 741, 743, 746, 749, 750, 754, 755,
            757, 758, 760, 764, 766, 769, 770],
           dtype='int64')
05/13/2020 08:27:03:: sub group size is 30, smaller than 64
05/13/2020 08:27:03:: sub_group_rules: 
05/13/2020 08:27:03:: Int64Index([382, 384, 390, 429, 434, 635, 703, 715, 718, 719, 728, 729, 737,
            740, 743, 747, 749, 750, 754, 755, 757, 758, 760, 761, 762, 763,
            765, 766, 769, 770],
           dtype='int64')
05/13/2020 08:27:03:: Number of nodes: 123

05/13/2020 08:27:03:: Max depth: 8

05/13/2020 08:27:03:: longest path: ['root', '98:(b45==1) ', '154:(b56==1) ', '175:(b63==0) ', '178:(b50==1) ', '186:(b53==1) ', '201:(b35==0) ', '204:(b31==1) ', '206:(b7==1) ']

05/13/2020 08:27:03:: --- 19.617341995239258 seconds ---
